Case #1: [3, 1, -5][-2, 1, 4]-25
Case #2: [5, 4, 3, 1, 2][0, 0, 1, 1, 1]
Case #3: [882, 677, 516, 463, 401, -569, -998][-655, -617, 588, 890, 909, 948, 959]-1411926
Case #4: [937, 366, 190, 167, -216, -222, -397, -912][-622, -236, -222, -56, 28, 75, 354, 869]-1676486
Case #5: [176, 160, -378, -741][-665, -149, 497, 744]-880050
Case #6: [-466][89]
Case #7: [994, 895, 799, 703, 495, -880, -887, -976][-1000, -973, 145, 382, 433, 602, 834, 909]-3422801
Case #8: [940, 560, -148, -578][107, 427, 729, 834]-250244
Case #9: [571, 503, -192, -634, -837, -892, -965][-985, -743, -447, -107, 530, 742, 862]-2719806
Case #10: [868, 326][106, 111]128194
Case #11: [936, 910, 856, 582, -496, -583, -815, -997][-932, -928, -826, -762, 200, 722, 921, 963]-5098224
Case #12: [857, 507, -139, -171, -650, -729, -762][-914, -574, -107, 276, 394, 855, 936]-2699266
Case #13: [873, 380, 355, 343, 0, -183, -249, -903][-832, -615, -481, -354, -253, -148, -93, 509]-1661599
Case #14: [764, 708, 694, 265, 223, -547, -662][-988, -905, -845, -454, 30, 255, 800]-2764707
Case #15: [864, 694, -79, -179][-871, -253, 243, 559]-1047384
Case #16: [923, 535, 395, 231, -303, -430, -846, -957][-836, -718, -624, -94, -6, 507, 862, 939]-3268019
Case #17: [986, 896, 302, -112, -244, -395, -482][-857, -825, -650, -635, 134, 150, 652]-2115592
Case #18: [162, -71, -240, -508][-763, -293, 59, 369]-304415
Case #19: [898, 624, 559, -172, -203, -874, -980][-990, -979, -653, -107, 429, 834, 943]-3586682
Case #20: [899, 382, 205, -808][-833, 328, 652, 974]-1276903
Case #21: [758, 682, 418, -173, -596, -718, -733, -776][-911, -837, -275, 185, 364, 620, 905, 980]-3494276
Case #22: [-463, -598, -660][-674, 94, 868]-317030
Case #23: [820, 673, 327, 137, 113, 102, -152][-641, -230, -47, 197, 208, 596, 837]-711718
Case #24: [-40, -545, -602][-746, -675, 327]
Case #25: [934, 865, 824, 699, 307, -417, -952][-540, 321, 587, 662, 767, 875, 906]-272187
Case #26: [973, 609, 281, -217, -345, -539, -591, -618][-923, -857, -819, -717, -247, 65, 576, 932]-2360754
Case #27: [769, 450, 388, 21, 17, -340, -801][-909, -771, -123, 13, 119, 296, 477]-1574116
Case #28: [919, 448, 371, -701, -819, -831][-647, -373, -281, 705, 803, 958]-2813908
Case #29: [986, 759, 736, 704, 493, 460, -245, -970][-966, -869, -817, -576, -56, 399, 408, 598]-3142951
Case #30: [828, -528, -573, -635, -896, -902, -993][-961, -889, -886, 432, 548, 551, 930]-2004458
Case #31: [906, 799, 616, 178, -593, -712, -972, -982][-973, -772, -302, -215, 651, 807, 867, 998]-4506055
Case #32: [-56, -84, -140, -326][-439, -94, 188, 637]-201502
Case #33: [998, 988, 918, 712, 649, -600, -926, -986][-901, 514, 703, 711, 871, 888, 901, 924]-952691
Case #34: [916, 824, 775, 451, 24, -374, -831][-955, -932, -769, -472, -417, -180, 933]-3169606
Case #35: [-239, -307, -545, -824][-569, -409, 265, 636]-406935
Case #36: [-363, -625, -933, -943, -947][-599, 863, 940, 970, 991]-3052145
Case #37: [743, -586, -832, -957][-847, -751, -506, 914]-642941
Case #38: [894, 752, -831][-669, -620, 848]
Case #39: [932, 859, 814, 201, -553, -569, -852][-655, -391, -337, 79, 216, 678, 1000]-2561998
Case #40: [949, 928, 757, 667, 452, 442, -704][-404, 97, 129, 578, 614, 708, 791]223399
Case #41: [464, 54, -30, -107, -227, -365, -443, -591][-44, 35, 87, 239, 325, 356, 387, 828]-911213
Case #42: [753, -14, -400, -909][-996, -973, 47, 685]-1377831
Case #43: [949, 903, 531, -262, -289, -586, -801, -827][-875, -863, -745, -711, -39, -35, 865, 941]-3258268
Case #44: [984, 800, 609, 259, -131, -776, -874][-746, 513, 679, 705, 836, 926, 999]-1428776
Case #45: [694, 265, 219, 102, -96, -132, -270][-653, -419, -389, -159, 130, 585, 949]-1011556
Case #46: [970, 868, 843, -685, -705, -795, -997][-989, -712, 23, 517, 828, 831, 895]-4048802
Case #47: [534, 464, 48, -124, -126, -146, -165, -415][-276, -249, -164, 13, 34, 136, 210, 270]-443244
Case #48: [109, -145, -210][-329, -314, 648]-126411
Case #49: [452, 367, 65, -294][-972, -358, 607, 852]-781763
Case #50: [491, 373, -33, -168, -293, -365, -547, -654][-288, -222, -219, -87, 71, 222, 345, 371]-735553
Case #51: [997, 976, 858, 693, 283, -558, -684, -754][-920, -205, -171, -122, 78, 368, 760, 771]-2633028
Case #52: [950, 896, 834, 129, -205, -943][-828, -762, -595, -238, 251, 520]-2538099
Case #53: [1000, 860, -524, -677, -687, -957, -973][-896, -745, -406, 536, 607, 651, 997]-3696925
Case #54: [404, -334, -617, -925][306, 414, 673, 798]-1168043
Case #55: [927, 879, 260, 184, -680, -948, -987, -999][-916, -869, -676, -597, -408, -341, -173, 625]-1751507
Case #56: [730, -684][-972, 543]-1080972
Case #57: [155, 132, 47, -5, -447][-105, 397, 724, 782, 835]-306998
Case #58: [883, 853, 703, 623, -488, -825][-992, -900, -702, -658, -181, 787]-3108023
Case #59: [934, 912, 862, 639, 525, 477, 342, -785][-962, -676, -659, -361, 608, 763, 781, 823]-2009559
Case #60: [938, 474, 232, -213, -851][-870, -598, -524, 30, 514]-1664884
Case #61: [639, 534, 194, 143, 101, -65, -142, -162][-573, -437, -269, -132, -76, -50, 76, 764]-809553
Case #62: [828, 734, -621, -676, -755][-487, 73, 214, 362, 903]-1409025
Case #63: [1000, 774, 663, 662, -174, -814, -947, -949][-981, -502, 344, 490, 738, 767, 893, 935]-3302832
Case #64: [577, -26, -37, -271, -956][-878, -164, -146, 168, 377]-902880
Case #65: [971, 971, 572, 481, 454, -695, -813, -938][-650, -642, -360, -256, -250, 105, 917, 948]-3404808
Case #66: [260, 43, 22, -13, -111, -517][-936, -70, 231, 421, 519, 657]-644039
Case #67: [938, 886, 860, 672, -188, -417, -565, -781][-902, -900, -846, -266, 488, 654, 704, 788]-3927438
Case #68: [523, 450, -404, -704, -825, -848][-902, -477, 332, 829, 839, 908]-2866299
Case #69: [885, 106, -115, -181, -261, -279, -746, -799][-773, -689, -565, -494, -159, -34, 27, 409]-898698
Case #70: [356, 94, 1, -30, -273, -951][-147, -130, -124, -21, 225, 240]-353711
Case #71: [670, 651, 290, -93, -268, -682, -856][-671, -425, 463, 699, 774, 967, 997]-2377340
Case #72: [409, -590, -631, -687, -709][-944, -785, -420, -382, 747]74885
Case #73: [913, 850, 833, 687, 543, -994][-996, -788, -727, 575, 689, 923]-2333049
Case #74: [691, -71, -131, -872, -882][-440, -274, -95, 846, 908]-1810709
Case #75: [953, 822, 761, 760, -122, -184, -898, -956][-872, -745, -439, -395, -248, 220, 790, 960]-3715089
Case #76: [815, 684, -399, -774, -808, -976][-758, -563, -541, -104, 263, 762]-1662723
Case #77: [932, 656, 481, -527, -603, -639, -672, -747][-995, -993, -514, -309, 218, 652, 729, 970]-3425699
Case #78: [731, 679, 84, -382, -748, -960, -963][-946, -919, -470, 3, 216, 263, 597]-2345112
Case #79: [280, 275, 237, 219, 205, -777][-855, -741, -566, 252, 464, 621]-909526
Case #80: [884, 515, 479, -904][-808, 709, 969, 994]-783562
Case #81: [382, 231, -626, -716, -846][-839, -536, -258, 84, 877]-1084892
Case #82: [467, 316, 286, -441, -773][-404, 235, 686, 886, 984]-1069570
Case #83: [482, 478, 81, 46, -794, -881, -912][-854, -842, -124, 365, 515, 819, 961]-2814239
Case #84: [1000, 997, 999, 997, 996, 995, 995, 994][991, 992, 992, 993, 994, 995, 998, 1000]7928112
Case #85: [830, -373, -541, -775][-720, 272, 782, 971]-1874643
Case #86: [856, 847, 239, -62, -200][-244, -180, -103, -67, 421]-465987
Case #87: [196, 122, -39, -250, -281, -328, -540, -806][-838, -320, -307, 116, 159, 232, 509, 540]-1051190
Case #88: [742, 550, 437, 101, 93, -259, -286, -530][-992, -950, -934, -20, 101, 132, 904, 965]-2463531
Case #89: [890, 662, 477, -244, -838, -863][-911, -824, 130, 471, 530, 543]-2321941
Case #90: [624, 381, 124, -311, -388, -863][-961, -935, -851, -672, 892, 962]-2028733
Case #91: [651, 505, -463, -502, -887, -904][-636, 287, 633, 745, 774, 921]-2455292
Case #92: [719, 304, 202, -112, -501, -778, -939, -998][-984, -617, -512, 596, 614, 682, 928, 949]-3721944
Case #93: [873, 514, -759, -761][-851, -735, -380, 398]
Case #94: [137, 129, -391, -738][-367, 9, 253, 296]-366489
Case #95: [-458, -708, -744, -988][-869, 374, 516, 844]-1084566
Case #96: [194, 48, -424, -502, -505][-811, -438, -350, -325, 690]-215258
Case #97: [977, 922, 820, 306, 268, -475, -642, -872][-989, -872, -643, 253, 476, 536, 903, 995]-3794477
Case #98: [723, 689, 619, 437, 46, -266, -278, -705][-773, -770, -316, 92, 371, 475, 770, 872]-2182913
Case #99: [950, 570, 282, -272, -383, -492, -822, -910][-964, -876, -647, -370, -129, 43, 842, 917]-2995277
Case #100: [915, 622, 275, -41, -402, -767, -782][-993, -788, -664, -591, -530, -486, -124]-874310
Case #101: [997, 679, 549, 480][-640, 110, 686, 695]146824
Case #102: [127, 3, -89, -313, -540, -934][-345, -172, -55, -19, 60, 379]-419875
Case #103: [861, 823, 773, 709, 377, -182][-955, -896, -743, -639, 591, 850]-2518946
Case #104: [868, 687, 171, -280, -596][-945, -544, -446, -330, 676]-1580750
Case #105: [971, 543, 363, -46, -638][-430, -404, 554, 661, 898]-1039130
Case #106: [981, 597, 481, 257, 154, -518][-669, -57, 50, 178, 203, 849]-1029042
Case #107: [565, -298][-905, 64]-530397
Case #108: [974, 934, 253, -277, -304, -732, -937][-922, -855, -406, 177, 802, 893, 969]-3653782
Case #109: [-560, -694][-65, 73]
Case #110: [971, -37, -956][-767, -588, 607]-1303293
Case #111: [939, 882, -560, -562, -563, -729, -782][-895, -853, 499, 502, 549, 973, 991]-3947681
Case #112: [862, 660, -569, -805][-748, -648, 544, 663]-1915707
Case #113: [915, 800, 751, 691, 674, 619, -246, -415][-471, -413, 179, 300, 535, 738, 772, 909]-169371
Case #114: [695, 254, -662][-866, -634, 653]-1195192
Case #115: [893, 781, 707, -306, -572, -860, -867, -873][-932, -687, 68, 389, 505, 955, 974, 993]-4261288
Case #116: [932, 712, 148, -734][-579, -491, 16, 315]-1118062
Case #117: [666, 95, 66, -72, -248, -302, -605, -662][-340, -337, -180, 48, 140, 379, 821, 839]-1475092
Case #118: [387, 164, 123, 101, 50, -170, -232, -350][-914, -567, -261, -171, -109, 34, 126, 219]-613192
Case #119: [839, 770, 312, -232, -374][-976, -839, -636, 812, 972]-2215238
Case #120: [987, 978, 583, 425, 218, -683][-963, -742, -665, 87, 628, 716]-2379001
Case #121: [967, 946, 565, 272, 221, 212, -647, -648][-981, -780, -711, -656, -226, -100, 94, 697]-2850274
Case #122: [821, 774, -718, -778, -940][-981, -894, -856, -727, -560]209257
Case #123: [983, -542][-554, 471]
Case #124: [626, 575, 442, -547, -660, -943, -960][-895, -871, -810, -721, -102, 571, 751]-2216821
Case #125: [897, 897, 868, 597, -561, -643][-922, 283, 623, 809, 929, 964]-690467
Case #126: [740, 648, 6, -102, -704, -865][-699, -592, -591, -147, 76, 897]-1718837
Case #127: [831, 537, 520, 106, -127, -172, -425][-973, -443, -438, -190, -128, -60, 573]-1511303
Case #128: [862, 559, -429][-633, 383, 826]-685903
Case #129: [431, 388, 276, 198, -120, -128, -215][8, 233, 261, 303, 309, 917, 991]-141639
Case #130: [-823, -850][-809, 819]
Case #131: [996, 992, 995, -994, 990, -995, -996, -999][-997, -997, -997, -992, -992, 994, 995, 998]-5947135
Case #132: [100, -175, -256, -567, -713][-991, -373, -208, 167, 336]-314834
Case #133: [656, 80, -178][-80, 116, 204]-79512
Case #134: [804, 746, 632, -533, -615, -893][-796, -752, -184, 165, 503, 572]-2225350
Case #135: [616, 521, 430, -464, -497, -669, -792, -950][-821, -794, -647, -558, 59, 397, 783, 950]-2756260
Case #136: [825, 414, 286, -75, -139, -140, -166, -473][-967, -741, -373, -284, -157, 333, 399, 832]-1674494
Case #137: [931, 911, 564, -333][-925, -710, -14, 809]-1785278
Case #138: [852, 292, 170, 167, -231, -359][-408, -74, -36, 138, 165, 686]-636687
Case #139: [528, 480, 55, -209, -523, -543, -834][-953, -906, -718, 563, 730, 776, 925]-2669829
Case #140: [902, 627, 598, 593, -188, -655, -717, -954][-712, -631, -622, -531, -436, -343, 415, 756]-2436846
Case #141: [811, 338, -62, -111, -440, -619][-670, -439, -165, 56, 240, 424]-1055794
Case #142: [864, -193, -560][-894, 878, 914]-1453710
Case #143: [852, 735, 720, -300, -604][-945, -830, -529, 417, 809]-2409806
Case #144: [265, -680, -720, -743, -748][-811, -373, 319, 629, 727]-1202098
Case #145: [867, 491, 454, 93, -17, -193, -373, -932][-827, -727, -289, -64, 96, 224, 532, 968]-2356600
Case #146: [974, 914, 687, 453, -156, -413, -467, -629][-411, -318, -238, -25, 132, 178, 900, 999]-2008574
Case #147: [920, 264, 175, 44, -237, -275, -430, -647][-937, -541, -74, -43, 95, 254, 690, 910]-1997541
Case #148: [521, 343, 343, -12, -503][-847, -451, -209, -36, 981]-1160678
Case #149: [402, 294, -108, -284, -427, -457, -843][-477, -87, 31, 248, 638, 790, 831]-1625101
Case #150: [734, 372, -490, -604, -615, -721][-937, -758, -621, -595, -82, 946]-937700
Case #151: [904, 13, -269, -812, -861, -957][-856, -663, -661, -547, -463, 985]-704472
Case #152: [965, 731, 490, -499, -523, -658, -676, -867][-749, -645, 563, 610, 638, 738, 874, 901]-3414069
Case #153: [734, 686, -341, -375][-740, -121, 241, 690]-967097
Case #154: [970, 784, -622, -670][-901, 253, 546, 652]-1452070
Case #155: [75, -225, -237, -320, -566, -592][-272, 64, 74, 142, 279, 502]-552876
Case #156: [804, 755, 720, 587, -25, -900][-705, -661, 47, 52, 335, 716]-1654286
Case #157: [629, 399][-396, 493]-52377
Case #158: [963, 934, 468, 237, -928, -943][262, 526, 630, 826, 948, 948]-539516
Case #159: [592, -118, -204, -615][-810, -590, 46, 698]-848554
Case #160: [911, 716, -143, -310, -332, -478, -910][-777, -652, -627, 683, 876, 929, 976]-2919802
Case #161: [972, 304, 169, 134, -256, -397, -900][-995, -935, -641, -552, -479, 62, 319]-1622767
Case #162: [889, 816, 797, 742, 637, -622, -831][-644, -453, 250, 383, 908, 923, 931]-1228099
Case #163: [828, 616, 447][-877, -33, 597]
Case #164: [917, 505, 483, -157, -543, -608, -643, -967][-961, -936, -781, -555, 400, 529, 708, 873]-3482272
Case #165: [774, 763, 522, 142, 98, -709, -821][-906, -818, -796, 216, 231, 452, 888]-2737096
Case #166: [972, 556, 483, 465, -679, -906][-578, 404, 727, 763, 919, 925]-1093307
Case #167: [-844, -929][-272, 943]-646479
Case #168: [996, 985, 923, 882, 851, 183, -421][-932, -920, -777, -677, -34, 247, 462]-3326992
Case #169: [874, 682, 46, -229, -459, -932][-992, -223, -186, 322, 425, 664]-1915311
Case #170: [721, 619, 369, 291, 270, 223, -461, -976][-330, -46, 9, 245, 344, 451, 505, 550]-767940
Case #171: [769, 590, 438, -204][435, 696, 970, 986]968871
Case #172: [485, 86, -78, -197, -356][-806, -19, 26, 652, 862]-829888
Case #173: [784, 313, 312, 264, -334, -59, -755][-986, -848, 401, 711, 800, 800, 803]-1646297
Case #174: [726, 539, 38, -350, -768, -978, -982][-974, -790, 142, 143, 545, 920, 934]-3413096
Case #175: [895, 691, 571, 571, 190, -829][-852, -729, -721, -612, 364, 654]-2500428
Case #176: [929, 903, 410, 237, -518, -659][-510, -347, -275, 534, 742, 902]-1752097
Case #177: [853, 608, 331, 262, 24, -999][-816, -793, -776, -772, -454, 868]-2515340
Case #178: [252, -157, -953][-455, -176, 153]-232837
Case #179: [942, 187, -202, -369, -516, -562, -812][-450, 474, 562, 785, 810, 937, 940]-2446285
Case #180: [849, -355, -401, -962][365, 874, 974, 995]-1348149
Case #181: [885][563]
Case #182: [923, 750, 718, 112, -503, -666, -912, -930][-628, -397, 207, 423, 478, 688, 779, 997]-3017692
Case #183: [871, 748, 727, 556, -381, -523, -725, -763][-967, -889, -846, -159, 883, 939, 975, 1000]-4508070
Case #184: [926, 231, -191, -590, -747][-712, -616, 623, 848, 922]-2109655
Case #185: [899, 793, 675, 144, 98, -912, -964][-592, -489, 305, 316, 356, 744, 816]-2098870
Case #186: [934, 913, 490, 364, -486, -711, -945, -959][-762, -735, -336, -7, 133, 264, 453, 924]-3116494
Case #187: [959, 936, 795, 452, 365, 162, -185][-992, -871, -743, -622, -126, 520, 641]-2718748
Case #188: [977, 662, 493, -188, -690, -746, -856][-944, -721, -649, -604, 527, 591, 669]-2983175
Case #189: [981, 919, 905, 498, -118, -803][-630, -569, -339, -269, -202, 775]-2180187
Case #190: [961, 829, 334, 206, -129, -823, -974][-872, -756, -465, -405, -289, 53, 706]-2397438
Case #191: [986, 734, -926][99, 550, 845]-281156
Case #192: [515, 30, -79, -383, -678][-887, -801, -552, -29, 77]-478326
Case #193: [839, 809, 78, -473, -511, -567, -638][-940, -499, 430, 470, 597, 752, 948]-2717396
Case #194: [662, -750, -807, -910, -934][-930, 465, 527, 574, 636]-2506063
Case #195: [814, 628, 195, 74, 53, -1, -28, -42][-662, -612, -544, -251, 18, 41, 103, 198]-1058145
Case #196: [235, 161, 130, 72, -23, -120, -422][-989, -301, -195, 20, 179, 672, 920]-777783
Case #197: [892, 675, -430][-732, 305, 439]-635839
Case #198: [792, 756, 329, -38, -344, -472, -800, -847][-879, -872, -659, -581, -558, 679, 738, 781]-2930576
Case #199: [922, 311, 288, 70, -216][-965, -525, -374, -340, 332]-1256229
Case #200: [808, 728, -252, -855][452, 464, 503, 872]-169308
Case #201: [673, 156, 129, -51, -96, -383, -433][-68, -41, -15, 93, 172, 336, 720]-515798
Case #202: [966, 871, 515, 504, -93, -503, -615, -977][-983, -931, -722, -640, 78, 340, 347, 880]-3706308
Case #203: [806, 492, 9, 5, -149][-907, -804, 469, 731, 857]-1246427
Case #204: [756, 281, 142, -40, -368, -715, -840, -934][-968, -785, -705, -652, -591, -121, 845, 851]-2227054
Case #205: [910, 687, 531, -664, -792, -834, -938][-973, -933, -902, -719, -611, 794, 856]-2509159
Case #206: [999, 971, 861, 231, -421, -798, -986][-932, -867, -712, 290, 744, 964, 991]-4378589
Case #207: [968, 723, 19, -111, -224, -563, -905][-941, -392, -337, -111, 4, 210, 268]-1550052
Case #208: [708, 556, 460, -467, -773, -797, -801, -809][-734, -284, -250, -203, -179, -22, 191, 407]-1024128
Case #209: [0, 1, 1, -1, 0, 0, -1, -1][-1, -1, -1, 0, 0, 0, 1, 1]-4
Case #210: [850, 772, 770, 527, 297, -910, -933][-970, -749, -738, 31, 597, 709, 756]-3127880
Case #211: [985, 927, 823, 338, 248, -427, -747, -991][-939, -742, -538, -294, 236, 516, 700, 831]-3663120
Case #212: [-831][890]
Case #213: [489, 349, 89, -91, -96, -137, -176, -782][-63, 31, 115, 145, 263, 371, 459, 564]-620855
Case #214: [889, 879, 855, 755, 622, -757, -776][-930, -450, -119, -103, 727, 893, 993]-2396205
Case #215: [988, 611, 474, -258, -455, -620, -750][-819, -660, -406, 52, 455, 634, 752]-2582397
Case #216: [524, 39, -343][-178, -21, 253]-180870
Case #217: [983, 804, 671, 233, -663, -688, -832, -996][-621, -598, -479, -464, 287, 474, 488, 522]-2963077
Case #218: [617, 514, 476, -214, -949, -1000][-674, -661, -316, 525, 708, 881]-2571270
Case #219: [512, 396, 339, -46, -95, -131, -226, -567][-980, -478, -416, -105, -32, 14, 32, 134]-909246
Case #220: [584, 234, 198, 69, -221, -244, -296, -648][-542, -507, -362, -322, -179, 86, 431, 486]-952989
Case #221: [461, 80, -424, -554, -647, -799, -813, -938][-633, 548, 600, 692, 789, 821, 881, 977]-3684882
Case #222: [797, 516, -12, -311, -442, -551, -761][-937, -640, -361, -306, 825, 868, 948]-2541877
Case #223: [897, 895, 692, -362, -554][-898, -895, -620, -480, 733]-2267893
Case #224: [944, 215, -650, -926, -943][-976, -900, -806, -624, 550]-531770
Case #225: [723, -537][279, 997]-333672
Case #226: [921, 797, 750, 481][-852, -760, -533, -52]-1815174
Case #227: [633, 236, 203, 74, -91, -118, -131, -491][-911, -614, -593, -314, -196, 64, 505, 718]-1273591
Case #228: [973, 157, -340, -733][-980, -816, -466, 721]-1451705
Case #229: [900, 598, 282, -491, -583, -704][-882, -787, -613, -428, -293, 893]-1684997
Case #230: [260, 221][795, 916]
Case #231: [536, -207, -483, -527, -802, -846, -971][-805, -634, -381, -271, 733, 954, 979]-2318961
Case #232: [845, 706, 362, 252, -233, -240, -981][-923, -891, -666, -565, 684, 813, 895]-3024940
Case #233: [757, -549, -678, -785, -800, -815, -818, -952][-943, -842, -787, -699, 58, 684, 812, 968]-1358904
Case #234: [523, 202, -32, -390][-588, -579, -305, 360]-555122
Case #235: [256, -76, -143, -307, -588][-801, -546, -123, 107, 590]-525740
Case #236: [259, -25, -288, -461, -831, -849, -853][-726, -688, -494, -123, 67, 357, 823]-1032648
Case #237: [626, 195, 164, -95, -101, -163][-314, -54, -45, 60, 298, 935]-402677
Case #238: [954, 802, 620, 603, 559, -868, -977, -989][-993, -953, -950, -889, -676, -475, -464, 799]-3139162
Case #239: [898, 849, 817, 748, -837, -890][-707, -639, -498, 778, 921, 929]-2600006
Case #240: [900, 831, 290, 71, -113, -392, -425, -790][-991, -834, -648, -526, -384, -337, 199, 615]-2205149
Case #241: [999, 980, 874, 731, 492, 194, -350, -520][-603, -582, -434, -21, 491, 575, 675, 704]-1816632
Case #242: [961, 717, 640, 135, -549, -811, -857][-987, -863, -817, -569, 5, 377, 805]-3165350
Case #243: [980, 952, 664, 533][-996, -654, -554, 539]-1679257
Case #244: [-236, -376, -399][279, 306, 745]-478155
Case #245: [-321, -403, -487, -932][61, 398, 867, 990]-1524884
Case #246: [719, 678, -49, -329, -870][-899, 110, 253, 388, 404]-1063330
Case #247: [361, 351, 338, -46, -206, -778][-916, -578, 80, 334, 501, 922]-1342400
Case #248: [629, 407, 295, 174, -812, -990][-817, -445, -174, -46, 89, 193]-1017680
Case #249: [-787][-64]
Case #250: [-545, -832][781, 988]-1247661
Case #251: [638, 431, -145, -325, -717, -726, -744, -819][-875, -842, -779, -720, -537, 238, 393, 529]-1087599
Case #252: [994][-912]
Case #253: [122, 50, 21, -359, -613, -957][-648, -639, -554, -370, 522, 758]-1035202
Case #254: [961, 930, 550, 408, -237, -972][-905, -838, -596, 220, 658, 888]-2906167
Case #255: [567, 423, -683, -927, -932, -947, -948][-741, -571, -355, -211, 670, 683, 763]-2218183
Case #256: [722, 250, 177, 36, -171, -634, -850][-905, -836, -555, 472, 799, 889, 972]-2470108
Case #257: [692, -38, -58, -95, -540][-197, 68, 220, 348, 695]-560028
Case #258: [790, 492, 302, -41, -490, -860][-940, -76, 88, 150, 492, 536]-1461606
Case #259: [858, 394, -579, -767, -813, -888, -916, -936][-792, -731, -727, -467, 585, 691, 888, 903]-2936257
Case #260: [848, 411, 368, 256, -26, -558, -632, -930][-976, -877, -777, -281, -269, -244, 106, 802]-2215673
Case #261: [982, 670, 509, -648, -732, -745, -784, -944][-802, -730, -652, 440, 484, 490, 949, 963]-4266078
Case #262: [834, 375, 331, 94, 29, -246][-562, -205, 75, 89, 444, 603]-647854
Case #263: [456, 410, 42, 8, -100, -104, -892][-827, -821, -812, -798, -504, -29, 781]-1397446
Case #264: [602, 12, -651, -758][-920, -739, -686, -423]204512
Case #265: [866, 681, 18, -31, -190, -470, -733][-911, -303, -294, 142, 184, 196, 377]-1408384
Case #266: [921, 644, 419, 260, 84, -278][-926, -779, -777, -96, 314, 858]-1917193
Case #267: [993, 910, 727, 676, 660, -213, -524, -581][-793, -776, -99, 277, 544, 606, 679, 856]-2001500
Case #268: [990, 955, 697, 677, 647, 517, -608, -860][-974, -581, -41, 427, 444, 883, 912, 942]-1879450
Case #269: [903, 411, -233, -667, -755, -775, -843, -909][-948, -887, -854, -811, -789, -743, -718, 372]957964
Case #270: [921, 513, -543, -614, -755, -823, -827][-944, -862, -632, -442, 716, 954, 985]-2837383
Case #271: [673, -536, -760][-576, 262, 774]-1116320
Case #272: [920, 319, -61, -139, -149, -674][-616, -535, 27, 49, 123, 829]-1322916
Case #273: [904, 880, 673, -669, -818, -847, -990][-874, -810, -558, -271, 46, 491, 759]-2902046
Case #274: [930, 729, 522, 492, 249, -156, -968][-956, -892, -872, -380, 431, 633, 804]-2951193
Case #275: [359, 132, 27, -264, -311, -347, -461, -809][-696, -343, -190, 95, 158, 295, 332, 473]-1012562
Case #276: [917, 692, -112, -570, -762, -910, -987][-987, -962, -960, -355, 133, 638, 984]-2914047
Case #277: [639, 516, 309, -88, -203, -518, -719, -871][-969, -897, -851, -562, -448, 652, 872, 997]-3037693
Case #278: [753, 694, 242, 101, 85, 71, -321][-838, -298, -89, 320, 657, 725, 876]-1000920
Case #279: [962, 949, 880, 627, 504, 478, -598, -957][-945, -800, -627, -122, 118, 228, 381, 927]-3243065
Case #280: [903, 609, 593, 542, -394, -683, -986][-786, -671, -670, -471, 142, 317, 931]-2961414
Case #281: [958, 939, 808, 638, 517, 394, -198, -687][-967, -759, -721, -501, 553, 802, 820, 898]-2718690
Case #282: [838, 264, -240][-980, -344, 295]-982856
Case #283: [-58, -442, -448, -841, -995][-748, -249, -208, 476, 675]-825315
Case #284: [982, 954, 834, -278, -687, -704, -775][-954, -837, -447, 646, 668, 811, 934]-4041422
Case #285: [921, 465, 293, 230, 60, 27, -335, -546][-749, -680, -494, -56, 162, 277, 678, 879]-1853516
Case #286: [517, -44, -143, -408, -575][133, 133, 183, 516, 757]-609063
Case #287: [977, 739, 316, -703, -935, -958, -964][-985, -483, 327, 726, 806, 874, 978]-4260022
Case #288: [385, -414, -533, -683, -906][-517, -133, 91, 157, 574]-819761
Case #289: [736, 450, -635, -756, -929, -974][-834, -706, -705, -622, 811, 987]-1728374
Case #290: [881, 724, 594, 251, -141, -530, -556, -965][-946, -944, -769, -733, -712, 555, 605, 631]-3296704
Case #291: [441, -131, 64, -154, -226, -308, -424, -717][-376, -241, -241, -7, 139, 351, 430, 842]-1074147
Case #292: [493, 407, 349, -140][-657, -285, -142, 69]-499114
Case #293: [897, 679, 669, 178, -710, -824, -871][-147, 47, 158, 266, 588, 682, 793]-1617047
Case #294: [992, 980, 948, 543, 222, -472, -770][-960, -925, -828, -600, -569, 61, 996]-3891594
Case #295: [961, 952, 854, 834, -312, -673, -713, -809][-774, -221, 245, 305, 574, 592, 777, 923]-2368818
Case #296: [883, 703, -171, -474, -514, -809, -869, -999][-951, -930, -700, -646, -457, -226, 349, 351]-1303817
Case #297: [985][-428]
Case #298: [954, 935, 919, 631, 366, -140][-942, -870, -752, 553, 703, 759]-1903225
Case #299: [-38, -102, -592, -602, -846, -866][-920, -748, -302, 215, 849, 868]-1309332
Case #300: [822, -489, -745, -771, -940][-935, -780, -507, -72, 903]-802743
Case #301: [-952][-947]
Case #302: [900, -565, -796][-979, -916, -771]250156
Case #303: [-794][727]
Case #304: [116, 16, -224, -740, -897][-962, 157, 252, 336, 990]-1302198
Case #305: [-479][-513]
Case #306: [769, -379, -920, -921][-802, 506, 760, 772]-2218724
Case #307: [936, 477, 372, -227, -261, -309, -618, -718][-970, -308, 479, 582, 681, 720, 827, 860]-2537549
Case #308: [801, 432, 46, -291, -681, -832, -929, -984][-973, -805, -662, -541, -428, -276, -215, 612]-881527
Case #309: [954, 946, 826, 727, 380, 235, -947][-846, -403, -365, -188, 548, 727, 902]-2101597
Case #310: [645, 585, -836][-832, -831, 806]-1696591
Case #311: [988, 934, 915, 712, 3, -468, -883, -883][-935, -917, -880, -710, -607, 424, 550, 831]-4510654
Case #312: [398, 254, 177, -594, -653, -657, -732, -773][-491, -413, -349, -58, 243, 332, 741, 977]-2002077
Case #313: [1000, 856, 295, -75, -731, -769, -872][-920, -796, -676, -4, 726, 767, 909]-3713673
Case #314: [916, 635, -84, -371, -505, -654][-905, -872, -806, -550, -487, -417]-592293
Case #315: [232, 16, -164, -297, -391, -501, -675][-120, -105, -84, -59, 173, 410, 477]-593249
Case #316: [999, 838, 589, -933][-850, -469, 749, 922]-1661237
Case #317: [723, 714, 177, 95, -547][-975, -761, -519, -401, 536]-1671429
Case #318: [825, 531, 397, -484, -775, -896, -966][-741, -557, -369, -246, 302, 761, 928]-2746875
Case #319: [703, 574, 181, 119, -64, -217, -590][-977, -670, -150, -3, 226, 316, 327]-1374884
Case #320: [963, 277, -8, -28, -588, -673, -848, -947][-869, -205, 673, 732, 792, 803, 804, 871]-3432256
Case #321: [668, 424, 128][-354, 785, 959]219120
Case #322: [899, 514, -629, -720, -873][-905, -425, -348, 609, 786]-1937811
Case #323: [999, 855, 552, -24, -305, -405, -821, -951][-788, -440, -332, -143, 113, 406, 565, 850]-2814354
Case #324: [755, 607][-648, 519]-174207
Case #325: [631, 513, 388, -814, -849][-253, 316, 580, 587, 768]-902345
Case #326: [876, 851, 644, 395, 168, -927, -990][-535, -484, -201, 511, 571, 859, 995]-2493558
Case #327: [928, 920, -855][-997, -315, -189]-1053421
Case #328: [992, 228, -987][-983, -926, 973]-2146615
Case #329: [813, 807, 532, 477, -832, -855, -978][-996, -893, -617, -271, 86, 767, 915]-3610117
Case #330: [744, 723, -619, -874][-644, -172, -129, 36]-555105
Case #331: [842, 756, 627, -648, -752, -939][-865, -853, -721, -501, 407, 941]-2690280
Case #332: [256, 88, 9, -35, -37, -111, -280, -528][-703, -701, -450, -347, -23, 181, 290, 889]-803393
Case #333: [620, 381, -502, -624, -852, -993][-813, -652, -544, 390, 779, 807]-2187803
Case #334: [861, 792, 786, 646, -16, -172, -876, -927][-946, -920, -859, 26, 403, 610, 685, 835]-3686997
Case #335: [359, -216, -672, -987, -991][-573, -532, -320, 668, 871]-1398232
Case #336: [275, 263, 250, 96, -77, -128, -222][-234, -76, -6, 191, 276, 284, 473]-230112
Case #337: [-739][910]
Case #338: [914, 764, 518, -39, -532][-937, -858, -378, 559, 997]-2259939
Case #339: [983, 873, 707, 440, -200, -284, -687, -707][-917, -862, -723, 359, 503, 537, 689, 773]-3280100
Case #340: [171, -58, -138, -168, -249, -285, -467, -918][-905, -845, -822, -289, 17, 254, 413, 707]-862277
Case #341: [985, 953, 904, 741, 558, -389, -744][-911, -804, -731, -513, 116, 587, 751]-3426863
Case #342: [931, 737, 708, 576, 441, -655][-969, -957, -647, 107, 532, 692]-2222540
Case #343: [184, 184, 184, 184, 184, 184, 184, 184][184, 184, 184, 184, 184, 184, 184, 184]
Case #344: [896, 705, -121, -788, -895, -934][-982, -842, -500, 112, 940, 997]-3273736
Case #345: [629, 508, 490, 162, -849, -900][-536, -438, -404, -391, 84, 933]-1731966
Case #346: [553, 208, -270, -355, -356, -486, -601, -990][-930, -888, -762, -738, -163, -54, 489, 753]-1186351
Case #347: [955, 750, 296, 38, -22, -683, -955][-744, -582, 414, 559, 649, 817, 831]-2369128
Case #348: [918, 887, 785, 707, -80, -110][-238, -95, 315, 436, 686, 708]120018
Case #349: [967, 750, 413, 224][-293, -98, 213, 863]-75550
Case #350: [634, 925, 137, -659][-653, -653, 555, 921]-1548931
Case #351: [859, 580, 418, 3, -205, -298][-946, 209, 233, 340, 390, 611]-855008
Case #352: [328, 78, -162, -225, -630, -706][-215, 35, 126, 536, 859, 868]-1362780
Case #353: [734, 652, 336, 49, -65, -134, -285][-877, -809, -789, -317, -146, 235, 519]-1621738
Case #354: [270, 156, -4, -104, -118, -118, -227, -409][-573, -487, -77, -41, 164, 268, 447, 715]-670990
Case #355: [312][840]
Case #356: [912, 248, 157, 33, -120, -364, -623][-337, -4, 214, 409, 540, 541, 587]-888666
Case #357: [898, 710, 367, -112, -594, -807, -934, -985][-905, -706, -524, 52, 268, 472, 941, 956]-3872732
Case #358: [250, 68, -582, -602, -751, -969][-886, 389, 611, 721, 805, 819]-2382858
Case #359: [126, -315, -573][-767, -435, -298]211137
Case #360: [153, -766, -865][-956, -868, -470]925170
Case #361: [199, 177, 166, -311, -523][-344, 53, 67, 247, 646]-462628
Case #362: [813, 436, 401, 273, -211, -630, -653, -809][-732, -316, -164, -124, 146, 229, 294, 502]-1605684
Case #363: [930, 905, 630, 542, 272, 148, -144, -876][-960, -878, -789, -435, 252, 260, 386, 979]-3226394
Case #364: [864, 826, 214, -171, -974][-590, -553, -533, -34, 829]-1882232
Case #365: [895, -336, -563][-760, -459, 830]
Case #366: [902, 779, 564, 314, -424][-965, -898, -536, 405, 712]-2046994
Case #367: [978, 952, 439, -218, -497, -722, -980, -988][-891, -727, -668, -401, 352, 702, 773, 848]-4046488
Case #368: [-707][-763]
Case #369: [997, 858, 322][38, 969, 997]1190322
Case #370: [266, 118, 99, -211, -394, -412, -553, -553][-880, -687, -446, -320, -143, -109, 184, 423]-526201
Case #371: [921, -310, -437][-205, 44, 600]-464645
Case #372: [946, 858, 680, -988, -995][-713, -613, 515, 776, 857]-2469655
Case #373: [965, 787, 114, -987][-624, -332, 936, 993]-1736831
Case #374: [641, 450, -31, -165, -172, -626, -741][-553, -422, -343, -19, 276, 641, 981]-1706264
Case #375: [943, 852, 613, 276, -746, -791, -918, -985][-957, -859, -795, -658, -478, -428, 671, 748]-2960884
Case #376: [981, 671, 501, 189, 61, -466][-113, -55, -26, 190, 272, 475]-329632
Case #377: [524, -521][-903, 688]-831620
Case #378: [657, 462, 82, -476, -763, -960, -972][-997, -914, -425, -307, -242, -61, 922]-1618993
Case #379: [984, 123, -975][-859, -638, -590]-348480
Case #380: [911, -650, -694][-467, -154, 682]-798645
Case #381: [263, 228, 74, 18, -8, -82, -168][-461, -214, 80, 299, 575, 620, 986]-379821
Case #382: [529, 354, 23, -25, -172, -712, -743][-842, -754, -351, -33, 151, 232, 795]-1501423
Case #383: [896, 829, 524, -104][-777, 460, 674, 851]-50180
Case #384: [844, 759, 745, -235, -715, -734, -761, -896][-750, -721, 543, 714, 776, 838, 953, 983]-3719427
Case #385: [891, -472, -727, -973][-853, 648, 678, 712]-2251561
Case #386: [674, 16, -272, -497, -928][-637, -25, 0, 168, 468]-947538
Case #387: [873, 872, 623, -312, -543, -765][-811, -700, -686, -625, 493, 718]-2367750
Case #388: [938, 775, 451, 283, -654][-838, -779, 89, 626, 850]-1728372
Case #389: [838, 788, 629, 555, 100, -51, -858, -997][-938, -898, -843, -598, 760, 866, 922, 938]-4050233
Case #390: [947, 912, 708, -164, -299, -564, -624, -922][-931, -749, -667, -270, 8, 414, 524, 673]-3176071
Case #391: [915, 908, 405, -556, -775, -983][65, 493, 555, 584, 617, 991]-1045138
Case #392: [368, 211, 8, -54, -85, -95, -209, -397][-663, -465, -358, -220, -129, 202, 762, 982]-890420
Case #393: [988, 975, 779, 536, 344, 82, -773, -951][-979, -551, -325, -316, -248, 789, 918, 938]-3549294
Case #394: [850, 640, 18, -350, -649, -777, -964, -998][-915, -848, -746, -709, -469, -219, 637, 689]-1912894
Case #395: [966, 941, -181, -564, -720, -830, -837][-974, -929, -618, -245, 29, 582, 937]-2853244
Case #396: [309, 82, 30, -50, -544, -825][-31, -9, 81, 109, 208, 387]-445764
Case #397: [774, 746, 685, 569, 545, 379, -906][-549, -488, 20, 374, 719, 725, 834]-651442
Case #398: [332, 190, -44, -183, -519][-788, -585, -474, 7, 317]-517714
Case #399: [809, 547, -570, -771, -797, -941][-866, -754, 559, 807, 843, 973]-3641323
Case #400: [776, 641, 172, -82, -419, -481, -482, -569][-202, 7, 90, 135, 541, 639, 706, 918]-1544527
Case #401: [894, 756, 366, 364, 262, 230, 18, -33][-887, -706, -287, -247, -242, -19, 316, 661]-1605563
Case #402: [972, 918, 792, -439, -776, -819, -850, -946][-955, -687, -542, -357, -185, -1, 314, 957]-2859310
Case #403: [958, 608, -128, -550, -871][-963, -870, 870, 884, 884]-2819038
Case #404: [572, 330, 187, -419, -571, -944][-732, -186, 44, 185, 227, 713]-1352060
Case #405: [986, 772, 513, 452, -757, -763][-761, -637, 288, 394, 728, 837]-2106005
Case #406: [-101, -220, -235, -294, -433, -616][-583, -246, -205, -20, -3, 219]33453
Case #407: [889, 862, 806, 308, 221, -478, -506, -785][-974, -958, -707, -640, -365, 522, 860, 971]-3986220
Case #408: [890, 218, 215, 37, -128, -358, -720][-391, -379, -263, -248, 231, 401, 490]-1022259
Case #409: [998, 933, 832, 819, 16, -903, -933][-958, -952, 690, 803, 957, 976, 984]-2396651
Case #410: [135, 57, -250, -493, -523, -611][-812, -762, -744, -544, -94, 558]9362
Case #411: [180, -262, -464, -773][-606, -400, -175, 786]-530658
Case #412: [954, -789, -853][-866, 472, 794]-1875854
Case #413: [859, 696, 412, 299, 288, 252, -6, -415][-686, -57, 73, 288, 388, 655, 872, 984]-649546
Case #414: [1000, 912, 877, 385, -321, -432, -957][-990, -75, 293, 300, 868, 899, 958]-2269741
Case #415: [517][-486]
Case #416: [727, 592, 413, 199, 135, -3, -623][-701, -697, -392, 65, 858, 967, 991]-1575676
Case #417: [-375, -520, -685, -845][-999, -906, -634, -372]1594375
Case #418: [596, 394, 327, -184, -208, -660][-596, -565, -383, -367, 84, 131]-739471
Case #419: [640, 38][-550, -480]
Case #420: [818, 681, -536, -875, -988][-989, -428, 290, 522, 734]-2437852
Case #421: [832][511]
Case #422: [792, 668, 362, 249, 26, -383, -647, -828][-996, -823, -814, -735, -500, 517, 803, 903]-3294515
Case #423: [803, 761, 404, 318, 29, -341, -922][-636, -217, -140, -68, -19, 190, 302]-1097814
Case #424: [755, -493, -503, -505, -560, -727, -846, -905][-968, -847, -701, -459, -341, -190, 485, 736]-476171
Case #425: [948, 652, -651, -701, -752, -797, -897, -916][-829, -809, -391, -155, 355, 668, 820, 941]-3347016
Case #426: [890, 692, -548, -561, -811][-986, -887, -159, 397, 425]-1971604
Case #427: [505, -120, -711, -711, -977][-950, -721, 829, 965, 996]-2641856
Case #428: [946, 877, 751, 517, 495, 107, -509, -910][-946, -873, -405, 291, 470, 576, 861, 892]-2769932
Case #429: [244, 60, -418, -504][-222, -92, 13, 171]-151306
Case #430: [845][-169]
Case #431: [984, 634, 494, 435, -329][-960, -814, -551, 643, 854]-1734171
Case #432: [993, 452, 263, -735, -900, -904][-978, -948, -46, -23, 416, 795]-2487923
Case #433: [695, 649, 404, -18, -967][-578, 75, 248, 529, 754]-991483
Case #434: [193][518]
Case #435: [490, 274, -870][-169, 529, 578]-440724
Case #436: [846, 827, 694, 632, 619, 561, -804][-985, -941, -891, -841, 750, 829, 939]-2587020
Case #437: [873, 762, 639, 139, 89, 70, -228, -498][-561, -299, -239, -220, 374, 624, 674, 757]-1354584
Case #438: [962, 786, 329, 71, 25, -82, -459, -633][-862, -840, -456, -208, 115, 138, 439, 447]-2147169
Case #439: [846, 717, 668, 353, -304][-976, -908, 103, 231, 841]-1582049
Case #440: [745, 714, 662, -154, -655, -884][-858, -832, -332, 587, 810, 877]-2849258
Case #441: [483, 458, 236, -320, -624, -790, -971][-949, -909, -842, 272, 344, 546, 835]-2617222
Case #442: [960, 770, 715, 466, -319, -356, -543, -930][-945, -653, 82, 622, 755, 859, 911, 974]-3008670
Case #443: [941, 765, -681, -865][-934, -780, -561, 5]-1097878
Case #444: [934, 375, -511, -526, -572, -780, -848, -944][-985, -576, 93, 381, 597, 635, 867, 979]-3880095
Case #445: [884][838]
Case #446: [921, 883, 726, 195, 137, -251, -444, -540][-1000, -757, 349, 411, 532, 796, 927, 948]-2306332
Case #447: [888, 839, 756, -169, -241, -512, -645][-899, -768, -684, -289, 401, 558, 734]-2766694
Case #448: [782, 717, 627, 359, -235, -429, -659, -877][-825, -471, -394, -371, -181, 47, 571, 918]-2522087
Case #449: [801, 305, -459, -681, -692, -779][-977, -606, -574, -408, 656, 913]-1591272
Case #450: [362, 252, 245, 145, -133, -360, -426, -503][-680, -169, -164, -150, 46, 350, 605, 743]-1114255
Case #451: [968, 773, 540, 87, -669, -881][-815, -695, -298, 470, 892, 994]-2918647
Case #452: [606, 296, 234, 190, 5, -281, -354, -427][-960, -440, -43, 24, 57, 151, 215, 985]-1256353
Case #453: [875, 808, 153, -873, -895, -919, -994][-912, -709, -588, -134, 725, 898, 952]-3764279
Case #454: [857, 749, 730, 468, 432, -889, -897, -927][-995, -949, -612, 70, 497, 759, 818, 987]-4086258
Case #455: [215, 48, -298][-475, -272, 0]-115181
Case #456: [887, 860, 645, -434, -869, -898][-749, -579, -449, -56, 727, 922]-2887323
Case #457: [211, 93, 33, -197, -435, -896][-228, -194, 25, 474, 552, 715]-1039463
Case #458: [550, -200, -567, -736, -998][-955, -873, -330, 592, 818]-1415616
Case #459: [932, 308, 123, -262, -307, -336, -784][-524, -258, -256, -167, -126, -39, 264]-710756
Case #460: [765, 608, 97, -211, -304, -989][-822, -647, -629, 67, 439, 658]-1881574
Case #461: [986, 78, -270, -572][-203, -190, 174, 220]-387798
Case #462: [-557, -569, -839][-717, -519, 573]213933
Case #463: [407, 344][-271, 564]83719
Case #464: [899, 865, 830, 282, -442, -677, -777, -986][-929, -791, -492, -240, 156, 462, 717, 908]-3829549
Case #465: [969, 888, 862, 672, 26, -640, -746, -844][-981, -972, -861, -407, 58, 321, 837, 925]-4438445
Case #466: [668, 604, -380, -745, -835, -978][495, 663, 834, 887, 990, 993]-2044427
Case #467: [985, 972, 852, 367, -93, -333, -342, -611][-792, -759, -626, -612, -429, 631, 909, 968]-3348376
Case #468: [998, 971, -616, -627, -869][-950, -913, -679, -404, 871]-1919950
Case #469: [118, -27, -324, -338, -356, -894][-244, 177, 183, 281, 842, 902]-1293981
Case #470: [149, -95, -339][-515, 220, 926]-411549
Case #471: [21, -999][-894, 922]
Case #472: [825, 741, 354, -283, -521, -617, -797][-936, -921, -885, -838, -676, 402, 882]-2129589
Case #473: [644, 203, 95, -196, -373, -836][-943, -447, -421, -231, 417, 901]-1601529
Case #474: [961][-724]
Case #475: [531][793]
Case #476: [491, 220, -687, -900, -931][-568, 41, 384, 417, 917]-1762703
Case #477: [841, 828, 773, -438, -615, -690][-911, -900, -845, -825, -680, 676]-1851426
Case #478: [983, 805, 608, 458, 276, -431, -775, -842][-948, -501, 549, 553, 653, 754, 827, 841]-2241916
Case #479: [941, 908, 753, 727, 705, 586, -938, -984][-665, -575, -115, 81, 826, 917, 988, 999]-1965641
Case #480: [961, 944, 673, 476, 223, 110, -346, -905][-881, -725, -698, -695, -646, -318, 205, 820]-3323683
Case #481: [1000, 704, 483, -551, -701][-823, -682, 692, 780, 806]-1963678
Case #482: [405, 63, 7, -38, -131, -388, -397, -424][-643, -574, -274, -219, 271, 454, 788, 991]-1234846
Case #483: [970, 806, 681, 664, 545, -396, -634, -721][-992, -873, -860, -836, -148, 348, 418, 882]-3926044
Case #484: [983, 915, -194, -835][-833, -647, -301, 774]-1998740
Case #485: [405, 53, 32, -40, -190, -270, -346][-899, -794, -522, -311, -203, 79, 724]-643705
Case #486: [941, 895, 339, 86, -626, -752, -820][-765, -711, -552, 467, 612, 786, 895]-3211260
Case #487: [-592, -960][-792, 200]
Case #488: [970, 404, 213, 113, -213, -300, -589][-926, -157, 138, 249, 357, 730, 904]-1731614
Case #489: [915, 771, -5, -184, -194, -855, -860][-802, -501, -253, 275, 403, 554, 751]-2367148
Case #490: [893, 405, -257, -992][-338, 505, 724, 834]-1110705
Case #491: [975, 917, 880, 157, -460, -633][-857, -822, 599, 654, 844, 906]-1921289
Case #492: [927, 743, 732, 706, 402, -47, -632, -734][-775, -664, -626, -288, 420, 794, 893, 1000]-3040191
Case #493: [-308, -795, -841, -980][-809, -454, 488, 626]-413786
Case #494: [606, 599, 375, 195, -158, -526, -735, -869][-968, -924, -922, -786, -377, 503, 785, 922]-3222309
Case #495: [628, 273, 165, -3, -97, -319, -704][-919, -310, -206, -125, -13, 265, 541]-1159515
Case #496: [881, 837, 797, 717, 668, 242, -642, -835][-650, -489, -143, 121, 530, 918, 936, 995]-1864698
Case #497: [918, 683, 609, 35, -279, -545, -852][-875, -841, -833, -772, 793, 901, 925]-3412362
Case #498: [-15, -681, -972][-991, 380, 966]-1182867
Case #499: [309, -6, -97, -609][-414, 65, 92, 666]-542834
Case #500: [398, 300, 298, -205, -273, -289, -498, -588][-560, -359, -342, -292, 67, 231, 374, 970]-1214298
Case #501: [943, 926, 869, 811, 560][348, 537, 914, 959, 963]2936721
Case #502: [935, 620, -102][-336, -134, 113]-408766
Case #503: [309, -27, -103, -231][-285, 102, 118, 429]-202072
Case #504: [820, 813, 504, -399, -614, -750, -896, -998][-932, -820, -724, -607, -506, -214, 683, 778]-2470831
Case #505: [456, 429, -59, -76, -484][-492, 587, 846, 944, 990]-573347
Case #506: [978, -98, -138, -947][-864, -740, -3, 644]-1381926
Case #507: [136, 101][-297, -219]-62511
Case #508: [944, 939, 571, 272, -682, -878, -946][-960, -937, -815, 484, 703, 823, 924]-4195944
Case #509: [951, 418, 389, 62, -649, -671][-566, -394, -80, -31, 46, 716]-1246290
Case #510: [534, -276, -636][-972, -675, 777]
Case #511: [865, 629, 397, -224, -566, -746, -800][-918, -854, -643, -323, -151, 236, 852]-2286345
Case #512: [997, 986, 691, 484, 176, -304, -549][-988, -928, -857, 82, 786, 862, 972]-3109883
Case #513: [816, 746, 276, 212, 88, 4, -471, -684][-940, -882, -571, -347, 156, 379, 892, 934]-2699916
Case #514: [906, 830, -698, -830][-579, -325, -116, 906]-1465336
Case #515: [376, 223, 220, -172, -205, -409, -804, -843][-835, -594, -110, 65, 458, 574, 920, 966]-2364476
Case #516: [632, 537, 330, -7, -15, -51, -572][-374, -245, -131, -69, 295, 554, 782]-890663
Case #517: [942, 929, 860, 666, 428, -83, -341, -718][-984, -981, -965, -878, -644, -626, 856, 966]-4462083
Case #518: [-244][-51]
Case #519: [669, 619, 220, -44, -239, -783][-923, -653, -475, 406, 894, 918]-2076518
Case #520: [779, 759, 732, 323, -186, -549, -724, -861][-736, -650, -582, -10, 261, 571, 735, 785]-3065998
Case #521: [982, 292, 102, 67, 66, -125, -242, -425][-776, -624, -432, -4, 290, 707, 785, 929]-1642602
Case #522: [948, 122][-622, -49]-595634
Case #523: [993, 763, 480, -50, -756, -855, -872, -989][-990, -669, -591, -512, -128, -57, 734, 751]-2988881
Case #524: [814, 565, -31][-452, 90, 766]-340824
Case #525: [763, 619, 55, -88, -322, -831][-786, -603, -105, -81, 205, 490]-1444822
Case #526: [643, 447, -437, -601, -679, -686, -847, -986][-372, 291, 482, 531, 722, 733, 896, 968]-3345320
Case #527: [961, 559, 169, 81, -943][-887, -814, -789, 169, 325]-1733560
Case #528: [475, 426, 215, -35, -882, -870][343, 550, 564, 879, 952, 952]-1180184
Case #529: [957, 844, 771, 450, 283, -870][-971, -877, -389, 163, 488, 905]-2545250
Case #530: [349, 72, -447, -851][-550, -2, 191, 432]-645103
Case #531: [885, 93, -65, -194, -372, -577][-947, -816, -472, 96, 196, 232]-1108703
Case #532: [150, 61, 22, -29, -96, -114, -276, -444][-966, -926, -409, -321, -84, -44, -40, 149]-243111
Case #533: [277, 224, 215, -65][-527, -331, -237, -3]-270883
Case #534: [903, 841, 267][-886, 854, 898]157922
Case #535: [132, -359, -400, -729, -978][-625, -45, 107, 369, 405]-774236
Case #536: [758, 306, -627, -869][-969, -943, -65, 636]-1534989
Case #537: [869, 734, 714, 679, 529, -725, -734, -909][-987, -947, 30, 169, 685, 715, 825, 867]-2966293
Case #538: [450, 122, 61, -980][-861, -711, 343, 956]-1390149
Case #539: [725, 206, -21, -659, -795][-985, -624, -500, 825, 975]-2150969
Case #540: [821, 733, 667, -6, -637, -863][-920, -877, 5, 211, 498, 1000]-2576318
Case #541: [550, 472, 103, -195, -777, -912][-615, -555, -75, -42, 242, 860]-1572099
Case #542: [840, 373, -87, -273, -660][-671, -212, 223, 396, 499]-1099565
Case #543: [852, 766, 663, 612, -216, -390, -555][-505, -127, -118, 96, 338, 631, 872]-1350082
Case #544: [772, 643, 534, -833][-599, -330, 247, 886]-1280758
Case #545: [799, 798, 185, -628, -630, -719, -817, -844][-810, -805, -636, -368, -353, 128, 562, 865]-2234992
Case #546: [695, 223, 211, 130, -278, -371, -600][97, 125, 460, 464, 466, 700, 724]-570978
Case #547: [995, 891, 853, 748, 441, -323, -780, -923][-951, -901, -814, -716, -639, -446, 446, 845]-4244502
Case #548: [643, 622, 189, 26, -277, -418, -920, -981][-921, -717, -526, -104, 114, 390, 694, 977]-2931810
Case #549: [792, 92, -311, -372, -813, -944][-227, -218, 767, 831, 853, 988]-2373670
Case #550: [714, 577, 467, 430, -260, -370, -390, -704][-692, -588, 3, 384, 847, 885, 951, 981]-2276027
Case #551: [808, 724, 7, -603, -658, -727, -834][-630, -490, -402, 571, 644, 859, 878]-2991424
Case #552: [914, 746, 615, -209, -309, -652, -890][-973, -169, -163, 373, 417, 627, 928]-2557175
Case #553: [900, 310, -846][-633, -167, 565]-1099460
Case #554: [833, 772, 132, -65][-969, -664, -393, 863]
Case #555: [860, -461][-268, -126]-172394
Case #556: [-14, -495, -686, -783, -901][-874, -535, -414, -228, 878]-51489
Case #557: [843, 644, -599, -929][444, 561, 770, 984]-639790
Case #558: [984, 454, -945][-952, -484, 804]-1916284
Case #559: [533, -31, -236, -664, -951][-961, -930, -166, 399, 948]-1610691
Case #560: [421, 379, 1, -9, -15, -92, -93][-908, -434, -306, -291, 14, 67, 137]-563556
Case #561: [943, 889, 881, 868, 701, -671, -774, -809][-897, -857, -820, -119, 206, 662, 759, 924]-4068234
Case #562: [657, -897][-990, -989]236703
Case #563: [981, 39, 186, -247, -474, -567, -640, -821][-969, -563, -563, -113, -88, 175, 341, 656]-1863682
Case #564: [820, 934, 800, 587, -660, -888][-982, -982, -857, -622, -146, 434]-3062174
Case #565: [836, 241, -881][413, 524, 916]-335444
Case #566: [853, -36, -490, -560, -743, -947, -981][-970, -901, 431, 728, 770, 802, 966]-3693094
Case #567: [964, 818, 713, -621, -870, -985][-962, -913, -547, -136, 788, 925]-3576442
Case #568: [872, 852, 729, 684, 248, -167, -589, -629][-873, -844, -788, -707, -493, -323, -24, 866]-3137285
Case #569: [271, 245, 40, 5, -149, -317, -333][26, 181, 235, 371, 380, 691, 969]-535698
Case #570: [994, 926, -15, -302, -702, -919, -972, -981][-761, -659, -482, -443, -184, 236, 607, 953]-2838265
Case #571: [731, -625, -739][-479, -334, 153]-254466
Case #572: [127, -327][-113, 999]-341024
Case #573: [528][-407]
Case #574: [665, 665, 574, -939][-933, -520, -510, 132]-1382933
Case #575: [247, -816][-806, 39]
Case #576: [549, 205, -383, -461, -604][-510, -418, -154, 160, 711]-809902
Case #577: [793, 717, 410, -71, -266, -404, -885][-908, -869, -704, -471, -415, -324, 749]-2019895
Case #578: [588, 398][-475, -68]-306364
Case #579: [426, 202, 158, 111, -4, -200][-915, -464, -106, 176, 764, 947]-673186
Case #580: [-230, -263, -558][-967, -650, 134]318588
Case #581: [45, 4, -195, -924][-214, -78, 162, 239]-262368
Case #582: [-16][-951]
Case #583: [824, 729, 678, -88, -203, -836, -937][-828, -796, -721, -147, -91, 417, 644]-2672025
Case #584: [301, 252, 91, 80, -5, -975][-919, -340, -150, -131, -109, 464]-838284
Case #585: [998, 928, 904, 208, -686, -837, -904][-979, -798, -353, 125, 791, 861, 912]-4098429
Case #586: [901, 699, 456, 373, 229, -372, -661, -780][-173, 307, 379, 620, 815, 832, 897, 979]-1016602
Case #587: [915, -8][426, 493]
Case #588: [540, 438, 438, 12, -73][160, 174, 380, 719, 974]266578
Case #589: [724, 391, -55, -59, -67, -104, -189, -348][-140, -109, 46, 47, 372, 375, 757, 783]-628763
Case #590: [816, 231, 196, 77, 41, -220, -391][-656, -535, -300, -4, 81, 98, 136]-789404
Case #591: [892, 640, 609, 505, 65, -217, -387, -973][-809, -574, -326, -171, 159, 384, 596, 675]-2334297
Case #592: [399, 356, 260, 57, 12, -433, -645, -692][-991, -277, -139, -64, 477, 479, 496, 557]-1440856
Case #593: [605, 296, -298, -703, -918, -950][-805, -690, -638, -269, 385, 879]-1500514
Case #594: [980, 793, 639, 415, -294, -457][-845, -446, -370, -58, 304, 654]-1830532
Case #595: [184, -59, -90, -138, -245, -486, -560][-568, -462, -254, -220, 509, 656, 747]-885875
Case #596: [730, 722, 491, -63, -343, -626, -810, -894][-806, -642, -425, 621, 921, 971, 973, 991]-3897535
Case #597: [616, 465, 438, 426, 173, 118][-145, 20, 29, 115, 182, 324]51390
Case #598: [938, 888, 865, 789, 500, 92, -261, -990][-938, -753, -643, -605, -99, 618, 889, 897]-3694751
Case #599: [590, 469, 432, 219, 210, 198, 127, -996][-338, -177, 165, 309, 379, 384, 531, 840]-757063
Case #600: [751, -660, -725, -735, -756, -825, -923, -988][-832, -449, 338, 654, 727, 768, 798, 920]-3882958
Case #601: [984, 967, -450, -873, -980][-987, -103, 814, 865, 882]-3056614
Case #602: [973, 850, 784, 707, 494, -452, -884][-955, -916, -825, -702, -522, 393, 950]-4126233
Case #603: [685, -547][-711, 155]
Case #604: [284, 145, 73, -53, -90, -97, -313][-895, -643, -217, 19, 251, 350, 581]-602656
Case #605: [891, 800, 538, -159, -552][-541, -498, -422, 640, 717]-1605011
Case #606: [277, -354][-873, 97]
Case #607: [753, 729, 667, 194, 114, -3, -866][-957, -863, -751, -716, -615, -43, 382]-2390362
Case #608: [850, -517, -839][-950, -660, 703]-1056097
Case #609: [813, 722, 471][-745, -381, 222]-776205
Case #610: [932, 464, -28, -407, -749][-399, -383, -274, 84, 166]-700430
Case #611: [991, 924, 786, 712, -415, -708, -779, -813][-692, -68, 28, 131, 276, 332, 439, 711]-1902944
Case #612: [853, 789, -324, -488, -644, -749, -846, -923][-895, -870, -848, -780, -745, 353, 696, 862]-1963532
Case #613: [893, 370, 336, -700][-581, -398, 91, 735]-1150017
Case #614: [932, 861, 729, 713, -460, -679, -957][-873, -678, 231, 538, 601, 609, 837]-2336381
Case #615: [638, 470, -192, -812, -832, -857, -907, -965][-799, -606, -359, 603, 668, 757, 914, 999]-4212848
Case #616: [961, 757, 274, 241, -721, -810, -858][-917, -903, -752, -725, 57, 790, 841]-3348156
Case #617: [789, 572, 460, 146, -341, -506, -597, -977][-985, -982, -894, -798, -682, -605, -180, 965]-2163270
Case #618: [995, 979, 901, 282][-927, -681, 299, 918]-1060789
Case #619: [852, 727, 722, 639, 412, 235, -89, -526][-910, -825, -746, -441, -19, 309, 536, 764]-2580287
Case #620: [535, 527, 336, 177, -350, -366, -869][-855, -355, -299, 115, 576, 686, 908]-1966347
Case #621: [990, 374, -495, -659][-555, 45, 537, 957]-1429098
Case #622: [946, 709, 683, 578, 547, 475, -485][-903, -882, -731, 131, 422, 436, 998]-1949227
Case #623: [892, 657, 387, -453, -991][-981, -688, -423, 470, 635]-2332964
Case #624: [939, 857, -313, -608, -696][-963, -364, 143, 591, 991]-2310028
Case #625: [532, 225, 155, -7, -24][-773, -391, 0, 136, 905]-521883
Case #626: [854, -859][176, 747]
Case #627: [672, -535, -976][-837, -779, 328]-465827
Case #628: [986, 789, 723, 595, -135, -308, -429, -861][-756, -82, 17, 380, 853, 915, 936, 982]-2215744
Case #629: [963, 772, -409, -860, -931][-737, -445, 517, 948, 977]-2989591
Case #630: [936, 590, 337, -513, -697][-950, -790, -635, 564, 681]-2333284
Case #631: [974, 692, 224, 141, -12, -23, -958][-860, -670, 83, 117, 306, 548, 977]-2218433
Case #632: [839, 333, 97, -161, -232, -579, -828, -995][-319, -267, 177, 307, 514, 776, 794, 810]-2420744
Case #633: [492, 129, -331, -394, -779][-545, -162, 21, 560, 862]-1188127
Case #634: [962, 880, 192, 151, 135, -35, -46][-863, -463, -303, -192, -51, 124, 498]-1358947
Case #635: [805, 361, 239, 196, 120, -794][-856, -236, -197, 325, 434, 787]-1330457
Case #636: [322][563]
Case #637: [938, 641, 593, 474, 396, -207][-977, -928, -714, 519, 633, 870]-1618092
Case #638: [57, -90, -273, -321][-199, -190, -146, 117]8058
Case #639: [-147][644]
Case #640: [975, 876, 715, 643, 527, 202, -846][-983, -949, -910, -163, 419, 703, 944]-2981013
Case #641: [-481, -752, -933][-466, 43, 835]-587245
Case #642: [744, 229, -612][-189, 689, 893]
Case #643: [593, 267, -149, -269, -744][-204, -48, 112, 339, 409]-545963
Case #644: [977, 976, 857, 557, 549, 428, -723, -986][-784, -730, -700, -688, 288, 740, 794, 832]-3381146
Case #645: [433, 362, 302, 292, 71, 9, -285][34, 126, 263, 361, 436, 463, 464]148055
Case #646: [295, -108, -133, -453, -477][-180, 15, 55, 68, 856]-501151
Case #647: [-817][610]
Case #648: [702, 591, 440, -737, -858, -936, -980][-791, -729, -297, -65, 263, 271, 497]-2035266
Case #649: [933, 883, 779, 645, -371, -716, -751, -965][-657, -400, -86, 183, 216, 501, 768, 952]-2849440
Case #650: [133, 22][127, 546]28903
Case #651: [628, 585, -134, -344, -426, -493, -910][-688, -391, -37, 443, 661, 684, 934]-2276971
Case #652: [948, 908, 776, 760, 335, -159, -765, -942][-880, 145, 186, 272, 539, 878, 897, 913]-1856812
Case #653: [689, 317, 250, -68][-731, -262, 47, 248]-591827
Case #654: [856, 719, 699, 318, 265, -557, -642][-758, -422, 527, 624, 826, 938, 998]-1329753
Case #655: [343, 292, 260, -26, -83, -154, -227, -365][-688, -217, -115, -107, -82, 31, 436, 456]-589846
Case #656: [951, 844, 764, 763, 531, -810][-816, -769, 407, 689, 826, 995]-955741
Case #657: [-264, -817][-797, 907]
Case #658: [998, 848, -291, -596, -788, -807, -935][-806, -778, -682, -294, 171, 777, 915]-2707758
Case #659: [910, -102, -596, -632][-960, -390, -285, 747]-1136064
Case #660: [848, 834, 689, 565, 192, -601, -630, -724][-724, -560, -355, -297, -262, -261, 180, 233]-1668927
Case #661: [825, -295, -563, -676, -817, -854, -963, -993][-931, -332, 258, 630, 662, 778, 938, 965]-4308074
Case #662: [975, 737, 677, 632, 156, -828, -948][-927, -924, -786, -729, 563, 857, 958]-4107615
Case #663: [936, 675, 652, -179, -332, -696][-723, -698, -632, 217, 477, 971]-2432965
Case #664: [854, 826, 779, 702, 479, 25][-698, -546, -323, 13, 146, 805]-1199520
Case #665: [693, 208, 55, -140, -593, -679][-930, -905, -818, -762, 258, 734]-1422420
Case #666: [656, 9, 8, -538, -970][-559, 710, 946, 957, 978]-1816272
Case #667: [895, 979, 624, 247, -409, -525, -902, -951][-993, -993, -786, -702, -304, 708, 764, 887]-4304769
Case #668: [700, 201, 62, -146, -463, -945, -954][-672, -441, -424, 512, 670, 705, 756]-2357740
Case #669: [933, 818, 719, 598, 541, -834][-689, -572, -433, -352, 639, 960]-2087497
Case #670: [711, 698, 217, -759, -787][-949, -187, 191, 850, 959]-2163701
Case #671: [955, 829, 425, 348, -850][-811, -480, 113, 141, 693]-1664382
Case #672: [763, 739, 537, 329, 302, -500, -816][-455, -222, -25, -17, 170, 771, 913]-1609409
Case #673: [859, 798, 784, 581, 326, -9, -923][-941, -596, -405, -98, 137, 223, 699]-2260907
Case #674: [806, 704, 641, 406, 68, -556, -781, -789][-901, -846, -806, -801, -720, 632, 817, 953]-3953988
Case #675: [908, 693, 173, -818][-900, -518, 596, 957]-1855892
Case #676: [772, 461, 282, 232, -126, -401, -639, -669][-874, -815, -534, -422, 115, 124, 217, 848]-2069124
Case #677: [620, 532, -190, -223, -652][-977, -895, -668, -327, 750]-1371039
Case #678: [811, 190, -575, -615, -764, -890, -938][-469, -296, -170, 272, 447, 783, 806]-2300535
Case #679: [490, -228, -952][-961, 33, 921]-1355206
Case #680: [726][-912]
Case #681: [478, -169, -244, -962][-999, -728, 657, 850]-1332498
Case #682: [779, 428, 398, 166, -187, -314, -458, -787][-946, -665, -361, -139, 17, 233, 387, 605]-1918028
Case #683: [991, 979, 609, 256, -89, -753, -778][-736, -480, -410, 18, 207, 333, 615]-2192020
Case #684: [873, 384, -408, -550, -596, -959][-611, -356, -159, -143, -116, 685]-1114364
Case #685: [973, -636, -832][-920, 492, 893]-1951048
Case #686: [-674, -877][-925, -686]1225072
Case #687: [955, 499, 417, 0, -148, -196, -934][-956, -907, -811, -459, -202, 469, 846]-2555952
Case #688: [950, 851, 565, 300][98, 331, 598, 837]
Case #689: [879, -294, -423, -595, -795, -844, -949][-732, -622, 431, 486, 540, 725, 956]-2880487
Case #690: [231, -317, -355][-818, -354, 349]-200635
Case #691: [904, 797, 674, 42, -996][-968, -844, -418, -89, 806]-2635986
Case #692: [-572, -765][-766, 547]
Case #693: [998, 880, 519, 500, 73, -668, -669, -764][-820, -107, -32, 440, 485, 583, 595, 831]-2096106
Case #694: [778, 499, 438, -105, -117, -944][-856, -281, -262, -40, 231, 973]-1862282
Case #695: [327, 10, 1, -43, -412, -625, -712][-654, -617, -511, -246, -198, 36, 353]-402221
Case #696: [905, 891, 194, -338][-967, -897, -618, 835]-2076484
Case #697: [885, 193, -366, -924, -960][153, 438, 549, 552, 591]-1058403
Case #698: [536, 349, 55, 26, -190, -287, -316, -958][-922, -482, -242, -102, -25, 90, 121, 200]-929288
Case #699: [982, 938, 705, 595, 285, -405, -821][-932, -881, -708, -332, 425, 590, 705]-3134912
Case #700: [-248, -314, -489, -519][-914, -599, -236, -198]632924
Case #701: [905, 787, 713, -300, -902, -929][-684, 167, 453, 658, 717, 776]-1729640
Case #702: [903, 635, -552, -594, -977][-901, -362, -53, 765, 897]-2344996
Case #703: [594, 394, 25, -19, -310, -462][-402, -68, 153, 225, 274, 503]-583356
Case #704: [644, 297, 127, -95, -188, -286, -362][-581, -466, -401, -62, 70, 251, 371]-776851
Case #705: [951, 848, 563, -248, -510, -863][-687, 290, 312, 376, 452, 588]-1062973
Case #706: [992, 872, 535, -633, -703, -795][-967, -772, -507, -471, -408, -141]-1206631
Case #707: [972, -645, -975][-840, -653, -148]-250995
Case #708: [619, 428, -334, -443, -610, -642, -763][-550, -193, 65, 461, 862, 885, 914]-2440359
Case #709: [771, 620, -380, -601, -717, -887, -994, -998][-985, -632, -401, -186, 557, 613, 761, 912]-3496819
Case #710: [989, 923, -56, -336, -721, -923][-685, -519, -297, 662, 690, 965]-2750487
Case #711: [859, 834, 819, 647, -519, -783, -795, -834][-923, -722, -571, -523, -405, 373, 698, 740]-3454969
Case #712: [957, 914, 409, 322, -179, -290, -928, -996][-940, 82, 305, 488, 595, 648, 684, 846]-2314544
Case #713: [505, 436, -179, -789, -972][-836, -233, 496, 721, 743]-1903617
Case #714: [627, -36, -196, -344, -599, -847][-737, -716, 329, 462, 500, 672]-1528419
Case #715: [947, 408, 359, 180, -619, -929][-548, 67, 186, 535, 652, 877]-1546867
Case #716: [987, 911, 580, -583, -645, -851][-631, -298, -296, 122, 686, 858]-2309709
Case #717: [923, 794, 782, 380, -169, -506, -878, -887][-925, -870, -648, 635, 747, 758, 805, 922]-3844386
Case #718: [899, 777, 720, 601, -31, -548, -706][-683, -511, -348, -237, 611, 703, 940]-2471886
Case #719: [681, 409, -402, -434, -963][-483, -280, -237, 440, 458]-980183
Case #720: [-631, -893, -895][-228, 55, 191]-76192
Case #721: [938, -590, -590, -597, -625][237, 322, 582, 637, 698]-1127593
Case #722: [325, -966][-706, 607]
Case #723: [727, 669, 452, -219, -536][-667, 401, 609, 945, 992]-680039
Case #724: [428, 313, 304, -282, -535, -642, -755][-708, -348, 23, 76, 85, 95, 324]-777473
Case #725: [649, 622, 308, -151, -190, -821][-898, -509, -124, -78, 795, 894]-1810838
Case #726: [784, 647, 635, 53, -217, -859, -914, -938][-909, -851, -720, -684, -270, -6, 494, 775]-2871427
Case #727: [-367, -498, -501][-760, -98, 602]26122
Case #728: [-348, -394][-135, 108]
Case #729: [777, -919][-973, 570]-1279851
Case #730: [944, -758][-136, 996]
Case #731: [785, 129, -6, -226, -332][-848, -497, -411, -304, -293]-561347
Case #732: [703, 579, 447, 432, 12, -346, -856][-612, -445, -419, -286, 155, 209, 263]-1294318
Case #733: [917, 825, 773, 653, -735, -885, -925, -975][-896, -738, -722, -252, -35, 614, 631, 841]-4074459
Case #734: [975][-912]
Case #735: [888, 836, 768, 718, 596, 527, 91, -651][-977, -910, -701, -45, 538, 648, 963, 964]-2076801
Case #736: [884, 806, 469, -93, -320, -435, -623, -709][-812, -581, -255, -179, -163, 128, 466, 699]-2078471
Case #737: [-187, -319, -350][-718, 45, 210]46411
Case #738: [959, 775, -243, -412, -604, -794, -845, -864][-947, -884, -835, -745, -744, -674, 279, 830]-1051771
Case #739: [1000, 989, 978, 339, -593, -816, -826, -889][-980, -926, -908, -586, 656, 827, 918, 998]-5691822
Case #740: [957, 543, 336, 280, 146, -135, -570, -597][-880, -659, -340, -94, -86, -60, 239, 476]-1765415
Case #741: [608, 329, -136, -817, -859, -915, -973][-905, -899, -479, 566, 618, 775, 983]-3439735
Case #742: [300, 173, 89, 69, -92, -181, -211, -607][-634, -306, -210, -105, -5, 34, 519, 904]-933004
Case #743: [635, 584, 508, 441, -243, -258, -710, -717][-982, -833, -452, 129, 301, 520, 621, 964]-2622170
Case #744: [947, 943, 545, 491, -99, -641, -752][-986, -952, -909, -902, -812, -431, 616]-2876338
Case #745: [978][999]
Case #746: [917, 855, 798, 503, 425, -157, -702, -816][-987, -949, -921, -902, -783, -700, 262, 769]-3939441
Case #747: [627, -994][-726, -5]
Case #748: [-12, -374, -533, -612, -734, -910, -913, -986][-908, -804, -751, -709, -402, -357, 501, 856]464292
Case #749: [906, 865, 855, 667, 315, -244, -763, -786][-922, -759, -589, 82, 117, 941, 958, 986]-3639467
Case #750: [697, 684, 669, -687, -846][-854, -465, 704, 971, 971]-1930865
Case #751: [184][-826]
Case #752: [711, 678][-170, 484]
Case #753: [468, 287, -123, -206][-863, -354, 208, 633]-661464
Case #754: [417, 380, -293, -300, -501, -539, -859, -970][-913, -912, -850, -593, 727, 931, 943, 992]-2938644
Case #755: [922, 913, 900, 896, 853, 137, -480, -839][-960, -545, -52, 419, 634, 647, 763, 853]-1506547
Case #756: [951, 899, 890, 709, 420, 358][-751, -447, -247, 363, 578, 1000]-477757
Case #757: [875, 815, 433, -323, -530, -557, -832, -950][-830, -783, -749, -691, -469, -90, 195, 991]-2270509
Case #758: [214, 199, 192, 144, 5, -192, -195][-773, -525, -268, -85, -67, 540, 676]-569428
Case #759: [958, 803, 735, 294, 232, 203, -578][-907, -826, -606, -566, 623, 832, 945]-2376776
Case #760: [727, 437, 267, -253, -580, -640, -833][-642, -540, -485, -386, -347, 681, 870]-1693841
Case #761: [893, 289, 215, -80, -222, -607, -743][-379, -274, -268, -135, 481, 638, 894]-1622743
Case #762: [902][-127]
Case #763: [991, 867, 834, 817, 800, -338, -682, -797][-883, -863, -800, -571, -455, 690, 968, 989]-4802610
Case #764: [691, -33, -455, -569, -597, -763][-703, -225, 19, 286, 503, 795]-1556603
Case #765: [817, -325, -412, -450, -745, -899, -923, -990][-930, -761, -697, 737, 771, 822, 879, 967]-3638991
Case #766: [623, 539, -134, -542, -849, -891, -933][-804, -567, 165, 196, 396, 702, 932]-2766089
Case #767: [734, 519, 356, 197, -86, -694, -902, -856][-887, -816, 87, 737, 796, 914, 963, 963]-3294127
Case #768: [564, 291, -681][-53, 323, 694]-408513
Case #769: [804, 143, -440, -676][-833, -712, -419, -368]-338420
Case #770: [-826, -922][44, 712]
Case #771: [726, 722, 674, 623, 598, -123, -279, -673][-963, -485, -443, -398, 53, 62, 292, 888]-2250868
Case #772: [680, -866, -950, -980][-744, 74, 630, 772]-1925064
Case #773: [927, 701, 69, 38, -623, -627, -678, -727][-868, -825, -812, -734, -724, -552, -217, 953]-1215430
Case #774: [921, 879, 227, -260, -783, -889][-990, -967, -803, -630, 868, 926]-3283122
Case #775: [342, -982][-789, 867]
Case #776: [910, 438, 400, -118, -503, -621][-898, -578, -378, -351, -343, 503]-1319960
Case #777: [991, -277][-940, -31]-922953
Case #778: [864, 843, 511, -572, -762, -980, -998][-999, -360, 382, 772, 791, 940, 965]-3900010
Case #779: [545, 45, -529, -781][-573, -64, 234, 994]-1215265
Case #780: [-760][-395]
Case #781: [921, 509, 323, 196, -39, -451, -575][-493, -488, -73, 109, 163, 361, 535]-1181453
Case #782: [619, 346, 218, -453, -656, -862][-999, -889, -790, 626, 633, 824]-2507309
Case #783: [841, 73, -642, -876][-993, -936, -270, 374]-1057725
Case #784: [898, 808, 403, -247][108, 344, 363, 612]370061
Case #785: [667, 532, -37, -817, -896, -940][-812, -769, 573, 652, 781, 807]-2962953
Case #786: [787, -52, -601][392, 597, 834]-223774
Case #787: [300, -200][-41, 228]
Case #788: [-512, -564, -739][-743, 519, 983]-638737
Case #789: [968, 490, 379, 149, -179, -386][-178, 136, 195, 425, 606, 684]-340932
Case #790: [1000, 320, 178, -761, -864][-636, 260, 665, 777, 839]-1750623
Case #791: [-833][-264]
Case #792: [402, 302, 270, 80, 50, 22, -291, -662][-922, -258, 151, 212, 251, 266, 509, 808]-1055443
Case #793: [983, -364, -410, -672, -935, -972, -981][-939, -845, -819, -799, -767, -84, 818]253596
Case #794: [751, -258, -452, -473][-955, -424, 460, 773]
Case #795: [1, 1, 0, 0, 0, -1, -1, -1][-891, -866, -857, 196, 556, 759, 971, 976]-4463
Case #796: [668, 562, 498, -371][-509, -41, 5, 626]
Case #797: [969, 927, 752, -588, -686, -931][-833, -801, -57, 225, 869, 920]-3177522
Case #798: [-246, -363, -969, -984, -995][-973, -939, 17, 165, 675]-270243
Case #799: [887, 881, 875, 646, -248, -393, -783][-867, -766, 182, 349, 371, 501, 987]-2120893
Case #800: [867, 848, 785, 688, -927, -945][-994, -576, -394, 228, 829, 840]-3064955
Case #801: [977, 858, 745, 704, -293, -994][264, 621, 625, 807, 976, 980]564411
Case #802: [571, 118, 85, -46, -272, -345, -523][-947, -936, -156, -13, 202, 450, 903]-1346310
Case #803: [971, 920, 860, 694, 547, 366, -78, -642][-940, -894, -779, -172, 694, 764, 820, 948]-2537862
Case #804: [162, -467, -500, -703, -992][-986, 361, 670, 882, 942]-2217829
Case #805: [934, 884, 635, -141, -517, -537, -655, -997][-828, -696, -316, -188, 23, 491, 681, 756]-3038113
Case #806: [65, 63, 43, -14, -47, -163, -444, -613][-712, -617, -524, -156, -21, 459, 548, 882]-963307
Case #807: [985, 555, 489, 200, -88, -587, -922, -951][-886, -634, -514, 205, 458, 609, 834, 999]-3551710
Case #808: [932, 879, 843, 839, 69, -642, -669][-702, 469, 490, 631, 713, 881, 915]-428074
Case #809: [852, 677, 227, -575, -687][-663, -509, -314, 435, 958]-1889018
Case #810: [998, 958, 916, 800, 789, 650, 768, -962][-936, 31, 58, 78, 275, 960, 960, 990]-163027
Case #811: [904, 637, 24, -778, -969][-882, -851, -239, 482, 847]-2540890
Case #812: [600, 272, -726, -801, -943, -977][-338, -321, 548, 562, 840, 941]-2849599
Case #813: [923, 904, 815, 706, -290, -437, -625, -681][-986, -891, -381, 299, 383, 502, 747, 872]-3206114
Case #814: [920, 866, 543, 350, -491][-817, -769, -705, -227, 787]-2266276
Case #815: [640][962]
Case #816: [880, 501, 147, 84, -130, -747][-409, -259, -138, 101, 140, 370]-796071
Case #817: [897, 400, -202, -592, -647][-334, -302, -35, 433, 454]-963402
Case #818: [-110, -275, -601, -677, -908][-970, -516, -21, 279, 299]-199154
Case #819: [823, 503, 294, 205, 149, 85, -977][-326, -287, -198, -192, 289, 888, 891]-1262197
Case #820: [666, -302, -618, -804][-868, -672, 826, 892]-1602780
Case #821: [784, 278, -568, -767, -874][-981, -959, -700, -654, 962]-977276
Case #822: [642, 566, -344][30, 131, 411]-47978
Case #823: [1000, 487, 230, 171, -555, -578, -775][-747, -705, -486, -419, -350, 406, 868]-1986882
Case #824: [497, 226, 13, -448, -500, -570][40, 172, 295, 689, 876, 985]-1245535
Case #825: [961, 944, 688, 471, 443, 358, 297, -602][-765, -34, 130, 181, 200, 301, 712, 853]-698254
Case #826: [843, 740, 617, 294, -614][-877, 463, 602, 815, 995]-396577
Case #827: [557, 547, 464, 277, -179, -214, -644, -923][-904, -802, -441, -413, 140, 698, 777, 877]-2745538
Case #828: [920, 817, 477, 340, -642][-984, -972, -355, -39, 698]-2330115
Case #829: [898, 884, 14][-851, -838, -828]-1516582
Case #830: [375, 259, -227, -570, -646, -793, -905, -998][-724, -194, 326, 330, 710, 787, 910, 988]-3476173
Case #831: [868, 819, 629, -619, -723, -749][-497, -297, 254, 806, 856, 907]-2312018
Case #832: [220, -13][61, 405]8155
Case #833: [962, 947, 916, 758, -702, -822, -903, -975][-961, -735, -679, -606, -466, 478, 853, 956]-4469982
Case #834: [279, 267, 120, -77, -208, -281, -364, -458][-482, -232, -217, -70, 201, 479, 682, 781]-999425
Case #835: [775, 377, 285, 261, -3, -12, -309, -783][-178, 10, 31, 111, 322, 560, 611, 884]-985031
Case #836: [990, 788, 694, 419, 251, -75, -802][-996, -695, -564, -105, 305, 903, 911]-2690903
Case #837: [358, 233, -9][-201, -106, -92]-95828
Case #838: [299, -437][129, 351]
Case #839: [912, 528, 410, 374, -366, -400, -744, -871][-940, -304, -213, 46, 765, 848, 853, 899]-3124769
Case #840: [-407, -791][-964, 762]
Case #841: [900, 644, 419, 409, -358, -829, -959, -973][-934, -909, -467, -251, 104, 338, 802, 901]-3687553
Case #842: [246, 233, 6, -109, -380, -509, -807][-181, -6, 14, 106, 242, 281, 694]-852441
Case #843: [653, -145, -220, -274, -949, -959][-597, -289, -85, 122, 933, 934]-2143787
Case #844: [780][513]
Case #845: [929, 925, 768, 711, -531, -693, -820, -933][-940, -858, -410, -210, 593, 644, 723, 991]-4409738
Case #846: [651, 76, -187, -636, -704, -732, -960][-763, -678, 135, 266, 297, 637, 926]-2306994
Case #847: [704, 417, 230, 155, 80, -2, -65][-653, -257, -147, -142, -40, 91, 565]-662808
Case #848: [606, 360, -256, -562, -617][-669, -597, -180, 524, 722]-1314216
Case #849: [14, -27, -130, -276, -631, -814, -910][-683, -498, 277, 852, 898, 936, 997]-2503090
Case #850: [259, -630][-105, 557]
Case #851: [699, -403, -543, -952][-980, -978, -926, -636]817404
Case #852: [963, 961, 806, 553, -662, -734, -747, -914][-954, 469, 516, 587, 673, 800, 882, 952]-2289194
Case #853: [939, 873, 582, 295, 287, 144, -300, -553][-925, -708, -422, -373, -144, -105, 276, 451]-2230949
Case #854: [962, 859, 817, 699, -702, -855, -929][153, 445, 487, 629, 681, 863, 980]-759356
Case #855: [889, 867, 806, 521, 285, -349, -741, -885][-841, -750, -180, 153, 305, 867, 876, 931]-3151975
Case #856: [962, 881, 513, 316, -376][-995, -969, -429, 86, 640]-2244420
Case #857: [975, 910, 316, -193, -265][-515, 188, 826, 961, 969]-512287
Case #858: [982, 831, -571, -749, -994][-947, -740, 592, 797, 928]-3402311
Case #859: [956, 841, -295, -297, -488, -818, -853][-957, 289, 487, 603, 768, 808, 860]-2763907
Case #860: [948, 758, 662, -521, -732, -978][-349, -202, -153, 208, 720, 781]-1984480
Case #861: [886, 595, 389, 334, 55, -683][-566, -320, 190, 831, 928, 993]-967591
Case #862: [409, 246, -48, -339, -505, -692, -963][-879, -338, -209, -132, 522, 598, 994]-2022527
Case #863: [907, 773, -341, -482, -641, -661][-784, -773, -721, -453, -344, -122]-543264
Case #864: [620, 564, 141, -286, -974][-824, -682, -449, 54, 789]-1742767
Case #865: [505, 474, -346][-696, -473, 269]-668756
Case #866: [895, 555, -993][-905, -671, 775]-1951955
Case #867: [970, 887, 779, 98, -452, -947][-899, -548, -503, 499, 787, 924]-2931793
Case #868: [742, 543, -69, -97, -558, -578, -774][-748, -463, 179, 288, 293, 356, 756]-1801118
Case #869: [835, 529, 259, -439, -568][-816, -5, 175, 795, 823]-1455149
Case #870: [958, 846, 672, 294, -519, -700, -940][-800, -579, 663, 729, 876, 958, 1000]-2661616
Case #871: [684, 255, 90, 1, -8, -193, -579][-702, -138, -79, -58, 722, 730, 810]-1138182
Case #872: [757, 732, 513, -6, -942, -955, -962][-725, -631, -316, -108, 163, 327, 582]-2197892
Case #873: [172, -167, -363][-493, -213, -183]17204
Case #874: [408, 348, -77, -462, -504, -575][-886, -178, 215, 316, 572, 600]-1219267
Case #875: [966, 944, 651, 542, -427, -583, -833][-999, -649, 128, 361, 845, 886, 938]-2957407
Case #876: [984, 924, 756, 213, -182, -830, -882][-742, -593, 238, 466, 665, 757, 906]-2547306
Case #877: [918, 887, -118, -127, -627, -707, -713, -958][-952, -855, -584, 106, 199, 550, 889, 904]-3590383
Case #878: [980, 863, 831, 759, -461, -745, -773, -981][-991, -805, -546, 522, 618, 673, 737, 964]-4025091
Case #879: [878, 463, 213, -110, -206, -405, -803, -878][-939, -578, -450, 77, 478, 584, 811, 940]-3007917
Case #880: [981, 852, 802, 550, -156, -238, -772, -855][-393, -179, 44, 200, 414, 453, 526, 837]-1686858
Case #881: [773, 708, 459, 189, 79, -342, -451, -883][-945, -803, 177, 266, 390, 420, 770, 776]-2312800
Case #882: [475][935]
Case #883: [549, -442, -772][239, 274, 926]-704769
Case #884: [914, 822, 781, -322, -395, -775, -906, -959][-998, -945, -911, -891, -655, -469, -204, 270]-1565457
Case #885: [937, 913, 674, 353, -463, -580, -681, -973][-651, -14, 466, 484, 592, 674, 716, 936]-2201173
Case #886: [964, 854, 755, 312, -580, -886][-722, 99, 597, 690, 891, 940]-1295067
Case #887: [936, 616, 442, 277, -236, -411, -762, -942][-975, -882, 331, 707, 709, 724, 798, 892]-3026999
Case #888: [-535][-375]
Case #889: [783, 274, 3, -80, -507, -900][-952, -871, -201, 88, 240, 668]-1714593
Case #890: [970, 770, 723, 309, -245, -727][-826, -495, 91, 242, 273, 704]-1620492
Case #891: [886, -202][-980, 821]-1034122
Case #892: [943, 817, 642, 513, 262, 236, -440, -556][-847, -769, -533, 28, 194, 555, 877, 891]-2454284
Case #893: [734, 574, 160, -162, -415, -1000][-865, -830, -772, 234, 904, 966]-2613918
Case #894: [938, 195, 194, -328, -666, -841, -904][-766, -756, -461, -452, 104, 318, 519]-1612984
Case #895: [951, 691, 596, 354, -494, -557, -565, -671][-839, -631, -346, -128, -33, 337, 472, 887]-2518702
Case #896: [290, -502, -679][-906, 354, 928]-1070560
Case #897: [271, 188, 162, 143, 37, 16, -801, -879][-657, -556, -222, -140, -119, 39, 78, 147]-534029
Case #898: [94, -239, -712][-756, -749, -122]194811
Case #899: [846, 783, 672, 656, 534, -38, -829][-697, -369, -167, 4, 69, 389, 613]-1474302
Case #900: [837, 762, -144, -321, -426, -595, -924][-598, -265, -167, 80, 703, 831, 857]-2289879
Case #901: [434, 163, 114, -626][-238, -115, -10, 967]-728519
Case #902: [415, 191, 150, -328, -467][-641, -126, 350, 403, 464]-586453
Case #903: [932, 836, 744, 740, 4, -984][-883, -581, 294, 297, 411, 906]-1760016
Case #904: [599, 544, -631, -697, -701, -853][-990, -946, -680, 93, 139, 660]-1403794
Case #905: [776, 405, 146, -24][-733, -572, 486, 865]-750272
Case #906: [679, 562, 80, -62, -672, -807, -858][-952, -950, -796, -693, -616, -105, 725]-1324385
Case #907: [956, 803, 660, 534, 194, -540][-941, -846, 584, 760, 930, 949]-1119694
Case #908: [643, 563, 134, 62, 3, -12, -387][-191, -120, 113, 129, 186, 204, 814]-484141
Case #909: [922, 679, 576, -442, -531, -649, -667, -747][-711, -177, -16, 19, 640, 670, 764, 871]-2728234
Case #910: [773, 153, -102, -419, -491, -853][-897, -702, -680, -616, -570, 860]-927033
Case #911: [940, 686, 567, 494, 180, -689][-940, -850, -450, -246, 271, 953]-2451211
Case #912: [855, 821, 347, 295, 258, 126, -199, -275][-626, -489, 39, 328, 463, 531, 533, 846]-978763
Case #913: [546, 233, -596, -918, -976, -993][-917, -374, -6, 597, 650, 854]-2614716
Case #914: [246, 49, 28, 16][-673, 90, 199, 937]-140584
Case #915: [924, 787, 690, 659, -537, -813, -842, -966][-966, -836, -798, 194, 824, 830, 917, 921]-4752368
Case #916: [804, -457, -813][-873, -209, 499]-1012066
Case #917: [843, 118, 113, 40, -515, -845, -918][-979, -166, -151, -32, 410, 545, 856]-2320711
Case #918: [728, -98, -112, -255, -656, -667, -831][-838, -446, -242, -152, -67, 299, 531]-1097234
Case #919: [714, 457, 392, 380, 105, -905][-584, -568, -486, -392, 664, 986]-1838634
Case #920: [827, 708, 241, -664, -821, -927, -968][-898, -855, -570, -444, 253, 377, 685]-2410812
Case #921: [992, 976, 633, 598, 308, -956, -996][-898, -744, -627, -454, 873, 927, 951]-3849867
Case #922: [-953][888]
Case #923: [958, 795, 316, -50, -198, -359][-864, -619, -465, -215, 86, 298]-1580017
Case #924: [968, -99, -178][-816, 244, 865]-968014
Case #925: [773, 710, 664, 607, 602, 554, -823][-954, -772, -162, -160, 146, 277, 605]-1746815
Case #926: [947, 806, 741, 732, 68][-740, -569, -446, 818, 950]-826504
Case #927: [919, -65, -413][638, 695, 907]166556
Case #928: [387, 19, 7, -75, -84, -142, -301, -793][-549, -538, -306, -272, 60, 181, 211, 428]-638084
Case #929: [913, 835, 677, 619, -385, -567, -596, -890][-999, -427, 119, 140, 891, 915, 954, 999]-3420943
Case #930: [747, -543, -994][-768, -193, 736]-1200481
Case #931: [724, 723, 692, 256, -663, -949][-917, -813, -679, -499, -375, -226]-1386220
Case #932: [880, 548, -378, -614, -701, -905][-569, -358, -119, 89, 219, 543]-1351502
Case #933: [576, 402, 224, -596, -732, -895, -916, -971][-897, -690, -180, -171, -99, 164, 642, 749]-2122119
Case #934: [854, 553, 523, -700, -776][-412, -243, -211, 784, 835]-1793340
Case #935: [846, 693, 439, -788][-977, -899, 335, 965]-2062904
Case #936: [841, 484, 440, -247, -380, -565, -619, -762][-928, -260, -87, 164, 333, 390, 488, 761]-2213920
Case #937: [536, -87, -390, -432, -454, -836][-934, -514, -415, -305, 335, 691]-892062
Case #938: [900, 620, 577, 427, -764, -869, -982, -982][-965, -268, 397, 553, 585, 617, 816, 949]-3285803
Case #939: [727, 379, 271, -334, -334][-402, -181, 15, 150, 269]-496734
Case #940: [768, 106, 33, -104, -165, -230, -911][-726, -603, -147, 33, 188, 457, 529]-1247818
Case #941: [644, 495, 256, 106, -88, -749][-900, -565, -432, -155, 434, 505]-1402734
Case #942: [430, 197, -433, -667, -676, -749][-894, -736, -582, -561, -74, 554]-268141
Case #943: [453, 226, 68, 20, -150, -174, -200][-904, -336, 41, 161, 169, 249, 270]-602116
Case #944: [191, 70, -29, -356][-504, 153, 403, 483]-269189
Case #945: [251, 73, -72, -359, -458, -495, -620][-978, -517, -398, -94, -20, 461, 573]-795112
Case #946: [751, 559, -253, -439, -557][-773, -600, 111, 708, 852]-1729382
Case #947: [-412, -817][593, 728]
Case #948: [414, -12, -214, -640][-326, -13, 301, 361]-430262
Case #949: [772, 737, 421, 281, 255, 217, 103, -780][-937, -936, -862, -713, -640, -344, -190, 849]-2896089
Case #950: [857][-290]
Case #951: [528, 445, 294, 0, -456, -780, -900][-223, -155, -46, 62, 201, 278, 433]-898439
Case #952: [988, 975, 896, 687, 298, -303, -454, -642][-948, -893, -828, -310, -52, 532, 663, 927]-3834985
Case #953: [928, 872, 836, 668, 616, -396, -629][-862, -791, -753, 109, 308, 574, 640]-2486520
Case #954: [974, 962, 743, -539, -782, -806, -817][-954, -729, -614, -518, -467, 708, 801]-2667365
Case #955: [859, 803, 773, 607, 449, -933, -950][-984, -899, -859, -675, -104, 601, 725]-3937064
Case #956: [795, 451, -299, -440, -622, -957][-954, -847, 373, 663, 703, 938]-2878606
Case #957: [987, 982, 523, -214, -356, -699, -814, -942][-917, -913, -777, -652, -410, 612, 695, 955]-3815656
Case #958: [862, -715][-910, 375]
Case #959: [758, 654, -161, -525, -567, -770, -846][-981, -973, -788, -454, 229, 609, 971]-2434961
Case #960: [975, 792, -373, -382, -811, -911][-751, 84, 587, 655, 803, 809]-2523090
Case #961: [502, -67, -123, -199, -212, -230, -354, -669][-821, -472, -323, -167, 174, 283, 439, 749]-1066021
Case #962: [681, 587, 236, 4, -773][-971, -593, 358, 892, 971]-1671869
Case #963: [858, 509, -101, -370, -457, -889][-932, -902, -802, -43, 505, 663]-1982054
Case #964: [398, -38, -97, -371, -647, -826, -920][-777, -256, -77, -57, -16, 491, 958]-1547476
Case #965: [575, -429, -518][-742, -310, 203]-398814
Case #966: [410, 198, 4, -214, -250, -369, -581][-283, -190, -121, -62, -36, 19, 221]-267278
Case #967: [798, 792, 259, 214, -48, -899][-842, -595, 145, 613, 790, 802]-1733337
Case #968: [735, 373, -463][-852, -51, 31]-659596
Case #969: [530, 131, 130][75, 367, 732]182987
Case #970: [700, 363, -158, -323, -499][-872, -491, -382, -142, -43]-660954
Case #971: [919, 203, -190, -307][-934, -137, 10, 558]-1059363
Case #972: [513, 458, 273, 223, -763][-863, -828, -738, -440, -181]-983434
Case #973: [908, 616, 466, -413, -763][-980, -936, 72, 824, 969]-2512523
Case #974: [916, 517, -313, -330, -846, -870, -936][-869, -382, -29, 277, 300, 488, 993]-2683639
Case #975: [885, 874, 521, -359, -401, -537, -684][-819, -804, -631, -417, -122, 739, 914]-2579656
Case #976: [980, 874, 633, 400, -329, -486, -534, -678][-986, -912, -499, 135, 487, 525, 579, 809]-3298296
Case #977: [812, 752, 618, 475, 442, -571, -817][-978, -967, -920, 92, 466, 836, 920]-3069204
Case #978: [997, 982, 954, 813, 745, 736, 472, -697][-979, -876, -869, -586, -441, 338, 446, 559]-3400627
Case #979: [979, 758, 460, 459, -503, -649][-931, -396, 80, 434, 693, 829]-1862211
Case #980: [-778, -988][-918, -828]1532268
Case #981: [59, -474][4, 197]-93142
Case #982: [790, 279, 61, 22, -161, -581][-421, -418, -356, 82, 280, 483]-794827
Case #983: [710, 679, 616, 338, -891, -949][-871, -816, -324, -289, -179, 904]-2168147
Case #984: [668, -291, -672, -701, -736, -970][-904, -570, 328, 527, 642, 953]-2424767
Case #985: [589, 156, -283, -872][-717, 22, 469, 743]-1199504
Case #986: [-719, -970][-485, -233]574725
Case #987: [637, 516, 192, -314, -512, -885][-735, -636, -413, -113, 303, 342]-1297991
Case #988: [946, 485, 173, -663, -775, -791, -928][-920, -756, -693, -381, 60, 887, 968]-2750687
Case #989: [627, 623, 554, 458, 218, -147, -746, -868][-852, -667, -105, 325, 337, 687, 792, 978]-2326324
Case #990: [984, 925, 719, -458, -856, -857][-931, -460, -135, 545, 819, 956]-3208635
Case #991: [869, 604, 407, -716][-658, -596, 893, 970]-1262855
Case #992: [829, 594, 45, -47, -752, -975][-763, -739, -697, 857, 879, 881]-2663120
Case #993: [497, -895][-299, 851]-910248
Case #994: [988, 967, 824, 639, 626, 288, -101, -882][-988, -811, -655, -311, -114, 220, 615, 937]-3395383
Case #995: [686, 667, 637, 343, 336, -5, -512, -877][-886, -673, -470, -392, 7, 827, 836, 990]-2788578
Case #996: [948, 766, 633, -288, -544][-829, -116, 278, 658, 737]-1289206
Case #997: [336, 268, 144, -305][-727, -108, -64, 311]-377287
Case #998: [901, 863, 582, -515, -745, -817, -841, -889][-465, -457, 652, 733, 799, 805, 895, 912]-3627790
Case #999: [872, 293, 210, -135][-884, -775, -438, 739]-1189668
Case #1000: [974, 823, 758, 683, 572, -492, -751, -893][-753, -513, -406, 532, 729, 795, 838, 999]-2595610
