Case #1: our language is impossible to understand
Case #2: there are twenty six factorial possibilities
Case #3: so it is okay if you want to just give up
Case #4: xoggk d yl wxo vkkvgo ekso uyl wonw sywy
Case #5: xkf yto akj
Case #6: yabba dabba yabba dabba yabba dabba yabba dabba yabba dabba yabba dabba yabba dabba yabba dooooooooo
Case #7: a b c d e f g h i j k l m n o p q r s t u v y w x y z now i know my abcs
Case #8: next time wont you sing with me
Case #9: greetings cheese popsicle the number you have dialed is currently out of porkchops
Case #10: this is so exciting i have to go the bathroom
Case #11: oh hai im in ur computer eating your cheezburgers and googleresing your textz
Case #12: how are you holding up because im a potato
Case #13: by the pricking of my thumbs something wicked this way comes
Case #14: my name is dug i have just met you and i looove you
Case #15: translating text is not goros strength
Case #16: strength is goros strength
Case #17: it was the best of times it was the blurst of times
Case #18: you better cut the pizza in four pieces because im not hungry enough to eat six
Case #19: why do programmers always mix up halloween and christmas
Case #20: now that you know googlerese please do not use it to hack into our systems
Case #21: friends dont let friends let scientific progress go boink
Case #22: thank you but the real googlerese is in another castle
Case #23: let lips do what hands do
Case #24: whoooooooooooooooooooaaaaaaaaa i know c plus plus
Case #25: all your base are belong to error the spoony bard
Case #26: an eye for an eye and a pigeon for a pigeon
Case #27: im commander shepard and this is my favorite problem on the google code jam
Case #28: oh yeah alright were gonna shake it up with the party bear tonight
Case #29: pneumonoultramicroscopicsilicovolcanoconiosis
Case #30: you pissed off the chicken lady
