Case #1: 1.0 6.0
Case #2: 0.0 1.0
Case #3: 3.3634060117684275 1.0
Case #4: 0.12856486930664615 7.133333333333332
Case #5: 1800.0 0
Case #6: 242.25064959475534 0
Case #7: 190.41297550237857 0
Case #8: 219.94640175019265 0
Case #9: 386.3302835657593 0
Case #10: 130.908731524985 0
Case #11: 0.0 0
Case #12: 0.0 -0.0
Case #13: 0.0 -0.0
Case #14: 0.0 -0.0
Case #15: 0.0 -0.0
Case #16: 0.0 -0.0
Case #17: 3.972054645195637e-15 3.6
Case #18: 8.526512829121202e-14 0.7058823529411763
Case #19: 0.0 2.0
Case #20: 7.105427357601002e-15 0.9444444444444444
Case #21: 0.0 0.16666666666666666
Case #22: 1.4210854715202004e-14 1.1111111111111112
Case #23: 0.0 5.0
Case #24: 6.153480596427404e-15 0.38888888888888884
Case #25: 8.881784197001252e-16 0.6666666666666666
Case #26: 0.0 1.0
Case #27: 2.040878629308206e-14 1.2307692307692306
Case #28: 5.329070518200751e-15 0.33333333333333326
Case #29: 0.0 0.25
Case #30: 8660.254037844386 0
Case #31: 0.0 2500000.0
Case #32: 0.6287313045276005 3.4264998777036233
Case #33: 2.0268141294650346 2.076006431552827
Case #34: 5.193855038185946 4.10238226977104
Case #35: 4.760050936303352 1.8046031756679703
Case #36: 1.4116955157215385 1.3738713873741504
Case #37: 5.973637312506689 2.8923486722459555
Case #38: 0.9503520498174536 0.9647796193473448
Case #39: 2.057553804742141 2.442732257264321
Case #40: 4.3765874368755755 2.370997767837449
Case #41: 5.021976968496928 2.0711181644706516
Case #42: 12.046330403875677 8.099497563228793
Case #43: 12.967569539991844 1.9974978181125562
Case #44: 15.086447980803918 4.336716026824934
Case #45: 23.195781641978797 0
Case #46: 38.950288830764784 0
Case #47: 38.627454574610276 0
Case #48: 264.9746319094633 0
Case #49: 20.12530193010226 0
Case #50: 17.200414338631003 0
Case #51: 52.12831272594885 0
Case #52: 287.3815582113786 0
Case #53: 32.720635690646354 0
Case #54: 6.156035935181014 0
Case #55: 0.7051800561307912 2.1333333333333333
Case #56: 0.46039069925400966 0.711111111111111
Case #57: 0.8290638930598233 0
Case #58: 1.3198001666308083 0.7903225806451613
Case #59: 1.4167636941193695 1.360642570281125
Case #60: 2.1093149870129944 0.37272429063473833
Case #61: 5.528835974568024 0.05322763306908281
Case #62: 7.98397154634788 0
Case #63: 1.8073268840225682 0.08792402470438533
Case #64: 3.831010695833602 0.9700961196155216
Case #65: 2.6766717229086514 1.0797174571140262
Case #66: 4.252004874708572 0
Case #67: 6.096294463859908 2.3652694610778444
Case #68: 4.391835635920637 1.3634992458521866
Case #69: 4.9782857261349065 0.8740379931807111
Case #70: 5.594425797166318 0
Case #71: 2.768040798379938 0
Case #72: 2.7101638833254125 0.1195162478373332
Case #73: 2.6849551905013236 0
Case #74: 1.9137397942249097 0
Case #75: 5.253908097393595 0
Case #76: 7.526161161618265 0.001571337314616072
Case #77: 6.781263686812557 0
Case #78: 2.6726531434360488 0.020348081375253655
Case #79: 263.8620520271909 0
Case #80: 625.6109503370056 19.5662041924295
Case #81: 131.86448230159888 22.898306275915388
Case #82: 720.5895925884204 0
Case #83: 4381.663639532364 0
Case #84: 544.7602859030955 0
Case #85: 825.8204800547015 0
Case #86: 880.5019655181503 1.062234393767501
Case #87: 765.3681938924705 0
Case #88: 153.26023990935906 0.28387674821757747
Case #89: 2029.5886090227743 0
Case #90: 506.39050986517464 0.7671845049895611
Case #91: 761.2411447856385 0.4812359964831674
Case #92: 245.62070093987 0.24999233633573126
Case #93: 85.83159383350632 0
Case #94: 747.9035576864172 0
Case #95: 502.87008262490275 0.23177433709341627
Case #96: 550.12550769688 0
Case #97: 676.6873759231273 0
Case #98: 423.80771100304867 0.41691701174324675
Case #99: 499.0567494783467 0.683465101826116
Case #100: 24.231010472370127 0
