Case #1: 1.0 6.0
Case #2: 0.0 1.0
Case #3: 3.3634060117684275 1.0
Case #4: 0.3535533905932738 7.133333333333334
Case #5: 1800.0 0
Case #6: 1635.1918847645984 0
Case #7: 837.8170922104657 0
Case #8: 1539.6248122513484 0
Case #9: 1073.1396765715538 0
Case #10: 850.9067549124027 0
Case #11: 0.0 0
Case #12: 0.0 -0.0
Case #13: 0.0 -0.0
Case #14: 0.0 -0.0
Case #15: 0.0 -0.0
Case #16: 0.0 -0.0
Case #17: 0.0 0.6
Case #18: 0.0 0.85
Case #19: 8.038873388460929e-14 1.5384615384615385
Case #20: 9.845568954283847e-14 0.8461538461538461
Case #21: 0.0 0.5
Case #22: 0.0 0.4444444444444444
Case #23: 5.685035733124713e-14 5.333333333333333
Case #24: 1.3923737144427707e-13 18.000000000000004
Case #25: 0.0 1.7
Case #26: 1.4217791915866692e-14 0.6666666666666666
Case #27: 3.552713678800501e-15 0.8333333333333333
Case #28: 0.0 1.0
Case #29: 1.5987211554602254e-14 0.33333333333333337
Case #30: 77.73024091539375 12.315934856419407
Case #31: 16.04242657255944 10.17860987712373
Case #32: 8.39464662840898 3.256412100857777
Case #33: 3.495071109320744 1.9003516719885414
Case #34: 23.949926120435798 5.045466576030559
Case #35: 26.914001062434206 2.9331431947655973
Case #36: 52.0936770800019 3.2151897729347474
Case #37: 50.569501968222006 5.050423049538512
Case #38: 29.548991341497523 1.2533453134104793
Case #39: 28.02708194629813 3.8149308370801704
Case #40: 51.957564815356506 5.443973600836346
Case #41: 12.237521156436921 1.8217290385633427
Case #42: 107.26581677420623 17.506139197896964
Case #43: 128.36038675887858 0
Case #44: 185.24621453622206 0
Case #45: 128.0854207160206 0
Case #46: 106.15761866206306 0
Case #47: 350.17932905869816 0
Case #48: 199.11775410545388 0
Case #49: 128.97674208941703 0
Case #50: 222.08423233088837 0
Case #51: 135.65932745299898 0
Case #52: 230.59481509782478 0
Case #53: 1.6035674514745464 0
Case #54: 1.030021065913904 0.679245283018868
Case #55: 1.78401682990456 0.45
Case #56: 4.451123453691214 0
Case #57: 7.681145747868608 0
Case #58: 8.437268515343103 0
Case #59: 6.542935121182236 0
Case #60: 5.237566110841189 0
Case #61: 6.203224967708329 0
Case #62: 10.615015935338652 0.37390180878552964
Case #63: 4.350861983561418 0
Case #64: 4.6467017049401695 0
Case #65: 8.514733348410157 1.3549931600547194
Case #66: 14.292141411364813 0
Case #67: 2.481179155159901 0
Case #68: 19.06865793820738 0.73374050841862
Case #69: 10.449164219369445 0.5977847005884388
Case #70: 17.923942978486263 0.0073024428409979684
Case #71: 22.561028345356956 0
Case #72: 7.749649009093424 0.0007390469716352537
Case #73: 7.404665219376404 0.00025754430310699584
Case #74: 5.155579501860097 0
Case #75: 13.186554345886615 0.006948800842810152
Case #76: 7.92589230266355 0.013039668365026194
Case #77: 243.7997705597772 0
Case #78: 1202.765493906993 0
Case #79: 1152.7143010374664 19.7137882542021
Case #80: 2044.8033116496397 0
Case #81: 2221.6524102357143 46.756598240469216
Case #82: 649.5718238391242 0.10257802276712374
Case #83: 1245.7657785474764 0
Case #84: 33.57677768934953 0
Case #85: 67.01248993072457 0.0014818467812448288
Case #86: 332.210870532558 0
Case #87: 734.4654237277622 0.4565987532337975
Case #88: 59.607433510084505 0.007265914109063244
Case #89: 1694.0905744321728 3.174915615830388
Case #90: 387.11926654535324 0
Case #91: 896.7275767694308 0
Case #92: 523.0102173954157 0
Case #93: 196.379883872519 0.013359059195873156
Case #94: 1143.373216627012 0
Case #95: 998.3125144678945 0
Case #96: 2361.258325554407 0
Case #97: 698.2880299987293 0
Case #98: 1373.9291992109509 0
Case #99: 137.7705293232192 0
Case #100: 1799.748120397685 0
