Case #1: 137566438 831566437
Case #2: 9099999 9999990
Case #3: 349039537 949037533
Case #4: 116793289 916793182
Case #5: 171598404 971158404
Case #6: 369689840 969684830
Case #7: 177185755 877715155
Case #8: 10 10
Case #9: 223795494 929735424
Case #10: 101839730 901813730
Case #11: 114338255 814133255
Case #12: 999999999 999999999
Case #13: 122400250 542200210
Case #14: 239037548 933027548
Case #15: 0 0
Case #16: 27954867 97654827
Case #17: 200297368 908227360
Case #18: 104236672 704231662
Case #19: 102727996 972720916
Case #20: 229970287 929770282
