Case #1: 
...<>v^^v><.........................................................................................
...................................................................................................G
...v^><<>^v.........................................................................................
..................................................................................................@G
...><^vv^<>.........................................................................................
.................................................................................................@.G
...^v<>><v^.........................................................................................
................................................................................................@..G
...<>v^^v><.........................................................................................
...............................................................................................@...G
...v^><<>^v.........................................................................................
..............................................................................................@....G
...><^vv^<>.........................................................................................
.............................................................................................@.....G
...^v<>><v^.........................................................................................
............................................................................................@......G
...<>v^^v><.........................................................................................
...........................................................................................@.......G
...v^><<>^v.........................................................................................
..........................................................................................@........G
...><^vv^<>.........................................................................................
.........................................................................................@.........G
...^v<>><v^.........................................................................................
........................................................................................@..........G
...<>v^^v><.........................................................................................
.......................................................................................@...........G
...v^><<>^v.........................................................................................
......................................................................................@............G
...><^vv^<>.........................................................................................
.....................................................................................@.............G
...^v<>><v^.........................................................................................
....................................................................................@..............G
...<>v^^v><.........................................................................................
...................................................................................@...............G
...v^><<>^v.........................................................................................
..................................................................................@................G
...><^vv^<>.........................................................................................
.................................................................................@.................G
...^v<>><v^.........................................................................................
................................................................................@..................G
...<>v^^v><.........................................................................................
...............................................................................@...................G
...v^><<>^v.........................................................................................
..............................................................................@....................G
...><^vv^<>.........................................................................................
.............................................................................@.....................G
...^v<>><v^.........................................................................................
............................................................................@......................G
...<>v^^v><.........................................................................................
...........................................................................@.......................G
...v^><<>^v.........................................................................................
..........................................................................@........................G
...><^vv^<>.........................................................................................
.........................................................................@.........................G
...^v<>><v^.........................................................................................
........................................................................@..........................G
...<>v^^v><.........................................................................................
.......................................................................@...........................G
...v^><<>^v.........................................................................................
......................................................................@............................G
...><^vv^<>.........................................................................................
.....................................................................@.............................G
...^v<>><v^.........................................................................................
....................................................................@..............................G
...<>v^^v><.........................................................................................
...................................................................@...............................G
...v^><<>^v.........................................................................................
..................................................................@................................G
...><^vv^<>.........................................................................................
.................................................................@.................................G
...^v<>><v^.........................................................................................
................................................................@..................................G
...<>v^^v><.........................................................................................
...............................................................@...................................G
...v^><<>^v.........................................................................................
..............................................................@....................................G
...><^vv^<>.........................................................................................
.............................................................@.....................................G
...^v<>><v^.........................................................................................
............................................................@......................................G
...<>v^^v><.........................................................................................
...........................................................@.......................................G
...v^><<>^v.........................................................................................
..........................................................@........................................G
...><^vv^<>.........................................................................................
.........................................................@.........................................G
...^v<>><v^.........................................................................................
........................................................@..........................................G
...<>v^^v><.........................................................................................
.......................................................@...........................................G
...v^><<>^v.........................................................................................
......................................................@............................................G
...><^vv^<>.........................................................................................
.....................................................@.............................................G
...^v<>><v^.........................................................................................
....................................................@..............................................G
...<>v^^v><.........................................................................................
...................................................@...............................................G
...v^><<>^v.........................................................................................
..................................................@................................................G
...><^vv^<>.........................................................................................
.................................................@.................................................G
...^v<>><v^.........................................................................................
................................................@..................................................G
...<>v^^v><.........................................................................................
...............................................@...................................................G
...v^><<>^v.........................................................................................
..............................................@....................................................G
...><^vv^<>.........................................................................................
.............................................@.....................................................G
...^v<>><v^.........................................................................................
............................................@......................................................G
...<>v^^v><.........................................................................................
...........................................@.......................................................G
...v^><<>^v.........................................................................................
..........................................@........................................................G
...><^vv^<>.........................................................................................
.........................................@.........................................................G
...^v<>><v^.........................................................................................
........................................@..........................................................G
...<>v^^v><.........................................................................................
.......................................@...........................................................G
...v^><<>^v.........................................................................................
......................................@............................................................G
...><^vv^<>.........................................................................................
.....................................@.............................................................G
...^v<>><v^.........................................................................................
....................................@..............................................................G
...<>v^^v><.........................................................................................
...................................@...............................................................G
...v^><<>^v.........................................................................................
..................................@................................................................G
...><^vv^<>.........................................................................................
.................................@.................................................................G
...^v<>><v^.........................................................................................
................................@..................................................................G
...<>v^^v><.........................................................................................
...............................@...................................................................G
...v^><<>^v.........................................................................................
..............................@....................................................................G
...><^vv^<>.........................................................................................
.............................@.....................................................................G
...^v<>><v^.........................................................................................
............................@......................................................................G
...<>v^^v><.........................................................................................
...........................@.......................................................................G
...v^><<>^v.........................................................................................
..........................@........................................................................G
...><^vv^<>.........................................................................................
.........................@.........................................................................G
...^v<>><v^.........................................................................................
........................@..........................................................................G
...<>v^^v><.........................................................................................
.......................@...........................................................................G
...v^><<>^v.........................................................................................
......................@............................................................................G
...><^vv^<>.........................................................................................
.....................@.............................................................................G
...^v<>><v^.........................................................................................
....................@..............................................................................G
...<>v^^v><.........................................................................................
...................@...............................................................................G
...v^><<>^v.........................................................................................
..................@................................................................................G
...><^vv^<>.........................................................................................
.................@.................................................................................G
...^v<>><v^.........................................................................................
................@..................................................................................G
...<>v^^v><.........................................................................................
...............@...................................................................................G
...v^><<>^v.........................................................................................
..............@....................................................................................G
...><^vv^<>.........................................................................................
..............@.....................................................................................
...................................................................................................G
...^v<>><v^.........................................................................................
.............@......................................................................................
...................................................................................................G
...<>v^^v><.........................................................................................
............@.......................................................................................
...................................................................................................G
...v^><<>^v.........................................................................................
...........@........................................................................................
...................................................................................................G
...><^vv^<>.........................................................................................
...........@........................................................................................
...................................................................................................G
...^v<>><v^.........................................................................................
..........@.........................................................................................
...................................................................................................G
...<>v^^v><.........................................................................................
.........@..........................................................................................
...................................................................................................G
...v^><<>^v.........................................................................................
........@...........................................................................................
...................................................................................................G
...><^vv^<>.........................................................................................
........@...........................................................................................
...................................................................................................G
...^v<>><v^.........................................................................................
.......@............................................................................................
...................................................................................................G
...<>v^^v><.........................................................................................
......@.............................................................................................
...................................................................................................G
...v^><<>^v.........................................................................................
.....@..............................................................................................
...................................................................................................G
...><^vv^<>.........................................................................................
....@...............................................................................................
...................................................................................................G
...^v<>><v^.........................................................................................
...@................................................................................................
...................................................................................................G
...<>v^^v><.........................................................................................
..@.................................................................................................
...................................................................................................G
...v^><<>^v.........................................................................................
.@..................................................................................................
...................................................................................................G
...><^vv^<>.........................................................................................
.@..................................................................................................
...................................................................................................G
...^v<>><v^.........................................................................................
.@..................................................................................................
...................................................................................................G
...<>v^^v><.........................................................................................
.@..................................................................................................
...................................................................................................G
...v^><<>^v.........................................................................................
@...................................................................................................
...................................................................................................G
...><^vv^<>.........................................................................................
@...................................................................................................
...................................................................................................G
...^v<>><v^.........................................................................................
@...................................................................................................
...................................................................................................G
...<>v^^v><.........................................................................................
@...................................................................................................
...................................................................................................G
...v^><<>^v.........................................................................................
@...................................................................................................
...................................................................................................G
...><^vv^<>.........................................................................................
@...................................................................................................
...................................................................................................G
...^v<>><v^.........................................................................................
@...................................................................................................
...................................................................................................G
...<>v^^v><.........................................................................................
@...................................................................................................
...................................................................................................G
...v^><<>^v.........................................................................................
@...................................................................................................
...................................................................................................G
...><^vv^<>.........................................................................................
@...................................................................................................
...................................................................................................G
...^v<>><v^.........................................................................................
@...................................................................................................
...................................................................................................G
...<>v^^v><.........................................................................................
@...................................................................................................
...................................................................................................G
...v^><<>^v.........................................................................................
@...................................................................................................
...................................................................................................G
...><^vv^<>.........................................................................................
@...................................................................................................
...................................................................................................G
...^v<>><v^.........................................................................................
@...................................................................................................
...................................................................................................G
...<>v^^v><.........................................................................................
@...................................................................................................
...................................................................................................G
...v^><<>^v.........................................................................................
@...................................................................................................
...................................................................................................G
...><^vv^<>.........................................................................................
@...................................................................................................
...................................................................................................G
...^v<>><v^.........................................................................................
@...................................................................................................
...................................................................................................G
...<>v^^v><.........................................................................................
@...................................................................................................
...................................................................................................G
...v^><<>^v.........................................................................................
@...................................................................................................
...................................................................................................G
...><^vv^<>.........................................................................................
@...................................................................................................
...................................................................................................G
...^v<>><v^.........................................................................................
@...................................................................................................
...................................................................................................G
...<>v^^v><.........................................................................................
@...................................................................................................
...................................................................................................G
...v^><<>^v.........................................................................................
@...................................................................................................
...................................................................................................G
...><^vv^<>.........................................................................................
@...................................................................................................
...................................................................................................G
...^v<>><v^.........................................................................................
@...................................................................................................
...................................................................................................G
...<>v^^v><.........................................................................................
@...................................................................................................
...................................................................................................G
...v^><<>^v.........................................................................................
@...................................................................................................
...................................................................................................G
...><^vv^<>.........................................................................................
@...................................................................................................
...................................................................................................G
...^v<>><v^.........................................................................................
@...................................................................................................
...................................................................................................G
...<>v^^v><.........................................................................................
@...................................................................................................
...................................................................................................G
...v^><<>^v.........................................................................................
@...................................................................................................
...................................................................................................G
...><^vv^<>.........................................................................................
@...................................................................................................
...................................................................................................G
...^v<>><v^.........................................................................................
@...................................................................................................
...................................................................................................G
...<>v^^v><.........................................................................................
@...................................................................................................
...................................................................................................G
...v^><<>^v.........................................................................................
@...................................................................................................
...................................................................................................G
...><^vv^<>.........................................................................................
@...................................................................................................
...................................................................................................G
...^v<>><v^.........................................................................................
@...................................................................................................
...................................................................................................G
...<>v^^v><.........................................................................................
@...................................................................................................
...................................................................................................G
...v^><<>^v.........................................................................................
@...................................................................................................
...................................................................................................G
...><^vv^<>.........................................................................................
@...................................................................................................
...................................................................................................G
...^v<>><v^.........................................................................................
@...................................................................................................
...................................................................................................G
...<>v^^v><.........................................................................................
@...................................................................................................
...................................................................................................G
...v^><<>^v.........................................................................................
@...................................................................................................
...................................................................................................G
...><^vv^<>.........................................................................................
@...................................................................................................
...................................................................................................G
...^v<>><v^.........................................................................................
@...................................................................................................
...................................................................................................G
...<>v^^v><.........................................................................................
@...................................................................................................
...................................................................................................G
...v^><<>^v.........................................................................................
@...................................................................................................
...................................................................................................G
...><^vv^<>.........................................................................................
@...................................................................................................
...................................................................................................G
...^v<>><v^.........................................................................................
@...................................................................................................
...................................................................................................G
...<>v^^v><.........................................................................................
@...................................................................................................
...................................................................................................G
...v^><<>^v.........................................................................................
@...................................................................................................
...................................................................................................G
...><^vv^<>.........................................................................................
@...................................................................................................
...................................................................................................G
...^v<>><v^.........................................................................................
@...................................................................................................
...................................................................................................G
...<>v^^v><.........................................................................................
@...................................................................................................
...................................................................................................G
...v^><<>^v.........................................................................................
@...................................................................................................
...................................................................................................G
...><^vv^<>.........................................................................................
@...................................................................................................
...................................................................................................G
...^v<>><v^.........................................................................................
@...................................................................................................
...................................................................................................G
...<>v^^v><.........................................................................................
@...................................................................................................
...................................................................................................G
...v^><<>^v.........................................................................................
@...................................................................................................
...................................................................................................G
...><^vv^<>.........................................................................................
@...................................................................................................
...................................................................................................G
...^v<>><v^.........................................................................................
@...................................................................................................
...................................................................................................G
...<>v^^v><.........................................................................................
@...................................................................................................
...................................................................................................G
...v^><<>^v.........................................................................................
@...................................................................................................
...................................................................................................G
...><^vv^<>.........................................................................................
@...................................................................................................
...................................................................................................G
...^v<>><v^.........................................................................................
@...................................................................................................
...................................................................................................G
...<>v^^v><.........................................................................................
@...................................................................................................
...................................................................................................G
...v^><<>^v.........................................................................................
@...................................................................................................
...................................................................................................G
...><^vv^<>.........................................................................................
@...................................................................................................
...................................................................................................G
...^v<>><v^.........................................................................................
@...................................................................................................
...................................................................................................G
...<>v^^v><.........................................................................................
@...................................................................................................
...................................................................................................G
...v^><<>^v.........................................................................................
@...................................................................................................
...................................................................................................G
...><^vv^<>.........................................................................................
@...................................................................................................
...................................................................................................G
...^v<>><v^.........................................................................................
@...................................................................................................
...................................................................................................G
...<>v^^v><.........................................................................................
@...................................................................................................
...................................................................................................G
...v^><<>^v.........................................................................................
@...................................................................................................
...................................................................................................G
...><^vv^<>.........................................................................................
@...................................................................................................
...................................................................................................G
...^v<>><v^.........................................................................................
@...................................................................................................
...................................................................................................G
...<>v^^v><.........................................................................................
@...................................................................................................
...................................................................................................G
...v^><<>^v.........................................................................................
@...................................................................................................
...................................................................................................G
...><^vv^<>.........................................................................................
@...................................................................................................
...................................................................................................G
...^v<>><v^.........................................................................................
@...................................................................................................
...................................................................................................G
...<>v^^v><.........................................................................................
@...................................................................................................
...................................................................................................G
...v^><<>^v.........................................................................................
@...................................................................................................
...................................................................................................G
...><^vv^<>.........................................................................................
@...................................................................................................
...................................................................................................G
...^v<>><v^.........................................................................................
@...................................................................................................
...................................................................................................G
...<>v^^v><.........................................................................................
@...................................................................................................
...................................................................................................G
...v^><<>^v.........................................................................................
@...................................................................................................
...................................................................................................G
...><^vv^<>.........................................................................................
@...................................................................................................
...................................................................................................G
...^v<>><v^.........................................................................................
@...................................................................................................
...................................................................................................G
...<>v^^v><.........................................................................................
@...................................................................................................
...................................................................................................G
...v^><<>^v.........................................................................................
@...................................................................................................
...................................................................................................G
@..><^vv^<>.........................................................................................
...................................................................................................G
198
